<?xml version="1.0" encoding="UTF-8"?>
<testsuite name="com.example.FourFlowerServer.FourFlowerServerApplicationTests" tests="1" skipped="0" failures="0" errors="0" timestamp="2023-11-20T02:27:32" hostname="M" time="1.016">
  <properties/>
  <testcase name="testConnections()" classname="com.example.FourFlowerServer.FourFlowerServerApplicationTests" time="1.016"/>
  <system-out><![CDATA[11:27:27.935 [Test worker] INFO org.springframework.test.context.support.AnnotationConfigContextLoaderUtils -- Could not detect default configuration classes for test class [com.example.FourFlowerServer.FourFlowerServerApplicationTests]: FourFlowerServerApplicationTests does not declare any static, non-private, non-final, nested classes annotated with @Configuration.
11:27:28.060 [Test worker] INFO org.springframework.boot.test.context.SpringBootTestContextBootstrapper -- Found @SpringBootConfiguration com.example.FourFlowerServer.FourFlowerServerApplication for test class com.example.FourFlowerServer.FourFlowerServerApplicationTests

  .   ____          _            __ _ _
 /\\ / ___'_ __ _ _(_)_ __  __ _ \ \ \ \
( ( )\___ | '_ | '_| | '_ \/ _` | \ \ \ \
 \\/  ___)| |_)| | | | | || (_| |  ) ) ) )
  '  |____| .__|_| |_|_| |_\__, | / / / /
 =========|_|==============|___/=/_/_/_/
 :: Spring Boot ::                (v3.1.5)

2023-11-20T11:27:28.567+09:00  INFO 18536 --- [    Test worker] c.e.F.FourFlowerServerApplicationTests   : Starting FourFlowerServerApplicationTests using Java 17.0.8 with PID 18536 (started by bbuny in D:\spring_code\FourFlowerServer\FourFlowerServer)
2023-11-20T11:27:28.569+09:00  INFO 18536 --- [    Test worker] c.e.F.FourFlowerServerApplicationTests   : No active profile set, falling back to 1 default profile: "default"
2023-11-20T11:27:28.570+09:00 DEBUG 18536 --- [    Test worker] o.s.boot.SpringApplication               : Loading source class com.example.FourFlowerServer.FourFlowerServerApplication
2023-11-20T11:27:28.621+09:00 DEBUG 18536 --- [    Test worker] o.s.w.c.s.GenericWebApplicationContext   : Refreshing org.springframework.web.context.support.GenericWebApplicationContext@2bc12da
2023-11-20T11:27:28.652+09:00 DEBUG 18536 --- [    Test worker] o.s.b.f.s.DefaultListableBeanFactory     : Creating shared instance of singleton bean 'org.springframework.context.annotation.internalConfigurationAnnotationProcessor'
2023-11-20T11:27:28.670+09:00 DEBUG 18536 --- [    Test worker] o.s.b.f.s.DefaultListableBeanFactory     : Creating shared instance of singleton bean 'org.springframework.boot.autoconfigure.internalCachingMetadataReaderFactory'
2023-11-20T11:27:29.517+09:00  INFO 18536 --- [    Test worker] .s.d.r.c.RepositoryConfigurationDelegate : Bootstrapping Spring Data JPA repositories in DEFAULT mode.
2023-11-20T11:27:29.525+09:00 DEBUG 18536 --- [    Test worker] o.s.b.f.s.DefaultListableBeanFactory     : Creating shared instance of singleton bean 'org.springframework.boot.autoconfigure.AutoConfigurationPackages'
2023-11-20T11:27:29.535+09:00 DEBUG 18536 --- [    Test worker] o.s.b.a.AutoConfigurationPackages        : @EnableAutoConfiguration was declared on a class in the package 'com.example.FourFlowerServer'. Automatic @Repository and @Entity scanning is enabled.
2023-11-20T11:27:29.537+09:00 DEBUG 18536 --- [    Test worker] .s.d.r.c.RepositoryConfigurationDelegate : Scanning for JPA repositories in packages com.example.FourFlowerServer.
2023-11-20T11:27:29.545+09:00  INFO 18536 --- [    Test worker] .s.d.r.c.RepositoryConfigurationDelegate : Finished Spring Data repository scanning in 6 ms. Found 0 JPA repository interfaces.
2023-11-20T11:27:29.719+09:00 DEBUG 18536 --- [    Test worker] o.s.b.f.s.DefaultListableBeanFactory     : Creating shared instance of singleton bean 'propertySourcesPlaceholderConfigurer'
2023-11-20T11:27:29.724+09:00 DEBUG 18536 --- [    Test worker] o.s.b.f.s.DefaultListableBeanFactory     : Creating shared instance of singleton bean 'org.springframework.boot.test.mock.mockito.MockitoPostProcessor'
2023-11-20T11:27:29.726+09:00 DEBUG 18536 --- [    Test worker] o.s.b.f.s.DefaultListableBeanFactory     : Creating shared instance of singleton bean 'emBeanDefinitionRegistrarPostProcessor'
2023-11-20T11:27:29.726+09:00 DEBUG 18536 --- [    Test worker] o.s.b.f.s.DefaultListableBeanFactory     : Creating shared instance of singleton bean 'org.springframework.boot.sql.init.dependency.DatabaseInitializationDependencyConfigurer$DependsOnDatabaseInitializationPostProcessor'
2023-11-20T11:27:29.794+09:00 DEBUG 18536 --- [    Test worker] o.s.b.f.s.DefaultListableBeanFactory     : Creating shared instance of singleton bean 'org.springframework.context.event.internalEventListenerProcessor'
2023-11-20T11:27:29.796+09:00 DEBUG 18536 --- [    Test worker] o.s.b.f.s.DefaultListableBeanFactory     : Creating shared instance of singleton bean 'preserveErrorControllerTargetClassPostProcessor'
2023-11-20T11:27:29.798+09:00 DEBUG 18536 --- [    Test worker] o.s.b.f.s.DefaultListableBeanFactory     : Creating shared instance of singleton bean 'org.springframework.context.event.internalEventListenerFactory'
2023-11-20T11:27:29.798+09:00 DEBUG 18536 --- [    Test worker] o.s.b.f.s.DefaultListableBeanFactory     : Creating shared instance of singleton bean 'org.springframework.transaction.config.internalTransactionalEventListenerFactory'
2023-11-20T11:27:29.803+09:00 DEBUG 18536 --- [    Test worker] o.s.b.f.s.DefaultListableBeanFactory     : Creating shared instance of singleton bean 'org.springframework.boot.test.mock.mockito.MockitoPostProcessor$SpyPostProcessor'
2023-11-20T11:27:29.805+09:00 DEBUG 18536 --- [    Test worker] o.s.b.f.s.DefaultListableBeanFactory     : Creating shared instance of singleton bean 'org.springframework.context.annotation.internalAutowiredAnnotationProcessor'
2023-11-20T11:27:29.808+09:00 DEBUG 18536 --- [    Test worker] o.s.b.f.s.DefaultListableBeanFactory     : Creating shared instance of singleton bean 'org.springframework.context.annotation.internalCommonAnnotationProcessor'
2023-11-20T11:27:29.818+09:00 DEBUG 18536 --- [    Test worker] o.s.b.f.s.DefaultListableBeanFactory     : Creating shared instance of singleton bean 'org.springframework.context.annotation.internalPersistenceAnnotationProcessor'
2023-11-20T11:27:29.819+09:00 DEBUG 18536 --- [    Test worker] o.s.b.f.s.DefaultListableBeanFactory     : Creating shared instance of singleton bean 'org.springframework.boot.context.properties.ConfigurationPropertiesBindingPostProcessor'
2023-11-20T11:27:29.819+09:00 DEBUG 18536 --- [    Test worker] o.s.b.f.s.DefaultListableBeanFactory     : Creating shared instance of singleton bean 'org.springframework.boot.context.internalConfigurationPropertiesBinder'
2023-11-20T11:27:29.823+09:00 DEBUG 18536 --- [    Test worker] o.s.b.f.s.DefaultListableBeanFactory     : Creating shared instance of singleton bean 'jdbcConnectionDetailsHikariBeanPostProcessor'
2023-11-20T11:27:29.829+09:00 DEBUG 18536 --- [    Test worker] o.s.b.f.s.DefaultListableBeanFactory     : Creating shared instance of singleton bean 'org.springframework.aop.config.internalAutoProxyCreator'
2023-11-20T11:27:29.854+09:00 DEBUG 18536 --- [    Test worker] o.s.b.f.s.DefaultListableBeanFactory     : Creating shared instance of singleton bean 'persistenceExceptionTranslationPostProcessor'
2023-11-20T11:27:29.857+09:00 DEBUG 18536 --- [    Test worker] o.s.b.f.s.DefaultListableBeanFactory     : Autowiring by type from bean name 'persistenceExceptionTranslationPostProcessor' via factory method to bean named 'environment'
2023-11-20T11:27:29.863+09:00 DEBUG 18536 --- [    Test worker] o.s.b.f.s.DefaultListableBeanFactory     : Creating shared instance of singleton bean 'webServerFactoryCustomizerBeanPostProcessor'
2023-11-20T11:27:29.864+09:00 DEBUG 18536 --- [    Test worker] o.s.b.f.s.DefaultListableBeanFactory     : Creating shared instance of singleton bean 'errorPageRegistrarBeanPostProcessor'
2023-11-20T11:27:29.865+09:00 DEBUG 18536 --- [    Test worker] o.s.b.f.s.DefaultListableBeanFactory     : Creating shared instance of singleton bean 'projectingArgumentResolverBeanPostProcessor'
2023-11-20T11:27:29.866+09:00 DEBUG 18536 --- [    Test worker] o.s.b.f.s.DefaultListableBeanFactory     : Creating shared instance of singleton bean 'org.springframework.transaction.config.internalTransactionAdvisor'
2023-11-20T11:27:29.866+09:00 DEBUG 18536 --- [    Test worker] o.s.b.f.s.DefaultListableBeanFactory     : Creating shared instance of singleton bean 'org.springframework.transaction.annotation.ProxyTransactionManagementConfiguration'
2023-11-20T11:27:29.877+09:00 DEBUG 18536 --- [    Test worker] o.s.b.f.s.DefaultListableBeanFactory     : Creating shared instance of singleton bean 'transactionAttributeSource'
2023-11-20T11:27:29.880+09:00 DEBUG 18536 --- [    Test worker] o.s.b.f.s.DefaultListableBeanFactory     : Creating shared instance of singleton bean 'transactionInterceptor'
2023-11-20T11:27:29.880+09:00 DEBUG 18536 --- [    Test worker] o.s.b.f.s.DefaultListableBeanFactory     : Autowiring by type from bean name 'transactionInterceptor' via factory method to bean named 'transactionAttributeSource'
2023-11-20T11:27:29.888+09:00 DEBUG 18536 --- [    Test worker] o.s.b.f.s.DefaultListableBeanFactory     : Autowiring by type from bean name 'org.springframework.transaction.config.internalTransactionAdvisor' via factory method to bean named 'transactionAttributeSource'
2023-11-20T11:27:29.888+09:00 DEBUG 18536 --- [    Test worker] o.s.b.f.s.DefaultListableBeanFactory     : Autowiring by type from bean name 'org.springframework.transaction.config.internalTransactionAdvisor' via factory method to bean named 'transactionInterceptor'
2023-11-20T11:27:29.921+09:00 DEBUG 18536 --- [    Test worker] o.s.u.c.s.UiApplicationContextUtils      : Unable to locate ThemeSource with name 'themeSource': using default [org.springframework.ui.context.support.ResourceBundleThemeSource@72b43104]
2023-11-20T11:27:29.923+09:00 DEBUG 18536 --- [    Test worker] o.s.b.f.s.DefaultListableBeanFactory     : Creating shared instance of singleton bean 'dataSourceScriptDatabaseInitializer'
2023-11-20T11:27:29.923+09:00 DEBUG 18536 --- [    Test worker] o.s.b.f.s.DefaultListableBeanFactory     : Creating shared instance of singleton bean 'org.springframework.boot.autoconfigure.sql.init.DataSourceInitializationConfiguration'
2023-11-20T11:27:29.926+09:00 DEBUG 18536 --- [    Test worker] o.s.b.f.s.DefaultListableBeanFactory     : Creating shared instance of singleton bean 'dataSource'
2023-11-20T11:27:29.927+09:00 DEBUG 18536 --- [    Test worker] o.s.b.f.s.DefaultListableBeanFactory     : Creating shared instance of singleton bean 'org.springframework.boot.autoconfigure.jdbc.DataSourceConfiguration$Hikari'
2023-11-20T11:27:29.928+09:00 DEBUG 18536 --- [    Test worker] o.s.b.f.s.DefaultListableBeanFactory     : Creating shared instance of singleton bean 'spring.datasource-org.springframework.boot.autoconfigure.jdbc.DataSourceProperties'
2023-11-20T11:27:29.931+09:00 DEBUG 18536 --- [    Test worker] o.s.b.f.s.DefaultListableBeanFactory     : Creating shared instance of singleton bean 'org.springframework.boot.context.properties.BoundConfigurationProperties'
2023-11-20T11:27:29.969+09:00 DEBUG 18536 --- [    Test worker] o.s.b.f.s.DefaultListableBeanFactory     : Creating shared instance of singleton bean 'jdbcConnectionDetails'
2023-11-20T11:27:29.970+09:00 DEBUG 18536 --- [    Test worker] o.s.b.f.s.DefaultListableBeanFactory     : Creating shared instance of singleton bean 'org.springframework.boot.autoconfigure.jdbc.DataSourceAutoConfiguration$PooledDataSourceConfiguration'
2023-11-20T11:27:29.971+09:00 DEBUG 18536 --- [    Test worker] o.s.b.f.s.DefaultListableBeanFactory     : Autowiring by type from bean name 'jdbcConnectionDetails' via factory method to bean named 'spring.datasource-org.springframework.boot.autoconfigure.jdbc.DataSourceProperties'
2023-11-20T11:27:29.973+09:00 DEBUG 18536 --- [    Test worker] o.s.b.f.s.DefaultListableBeanFactory     : Autowiring by type from bean name 'dataSource' via factory method to bean named 'spring.datasource-org.springframework.boot.autoconfigure.jdbc.DataSourceProperties'
2023-11-20T11:27:29.973+09:00 DEBUG 18536 --- [    Test worker] o.s.b.f.s.DefaultListableBeanFactory     : Autowiring by type from bean name 'dataSource' via factory method to bean named 'jdbcConnectionDetails'
2023-11-20T11:27:30.020+09:00 DEBUG 18536 --- [    Test worker] o.s.b.f.s.DefaultListableBeanFactory     : Creating shared instance of singleton bean 'spring.sql.init-org.springframework.boot.autoconfigure.sql.init.SqlInitializationProperties'
2023-11-20T11:27:30.023+09:00 DEBUG 18536 --- [    Test worker] o.s.b.f.s.DefaultListableBeanFactory     : Autowiring by type from bean name 'dataSourceScriptDatabaseInitializer' via factory method to bean named 'dataSource'
2023-11-20T11:27:30.023+09:00 DEBUG 18536 --- [    Test worker] o.s.b.f.s.DefaultListableBeanFactory     : Autowiring by type from bean name 'dataSourceScriptDatabaseInitializer' via factory method to bean named 'spring.sql.init-org.springframework.boot.autoconfigure.sql.init.SqlInitializationProperties'
2023-11-20T11:27:30.037+09:00 DEBUG 18536 --- [    Test worker] o.s.b.f.s.DefaultListableBeanFactory     : Creating shared instance of singleton bean 'entityManagerFactory'
2023-11-20T11:27:30.038+09:00 DEBUG 18536 --- [    Test worker] o.s.b.f.s.DefaultListableBeanFactory     : Creating shared instance of singleton bean 'org.springframework.boot.autoconfigure.orm.jpa.HibernateJpaConfiguration'
2023-11-20T11:27:30.041+09:00 DEBUG 18536 --- [    Test worker] o.s.b.f.s.DefaultListableBeanFactory     : Creating shared instance of singleton bean 'spring.jpa-org.springframework.boot.autoconfigure.orm.jpa.JpaProperties'
2023-11-20T11:27:30.050+09:00 DEBUG 18536 --- [    Test worker] o.s.b.f.s.DefaultListableBeanFactory     : Creating shared instance of singleton bean 'spring.jpa.hibernate-org.springframework.boot.autoconfigure.orm.jpa.HibernateProperties'
2023-11-20T11:27:30.054+09:00 DEBUG 18536 --- [    Test worker] o.s.b.f.s.DefaultListableBeanFactory     : Autowiring by type from bean name 'org.springframework.boot.autoconfigure.orm.jpa.HibernateJpaConfiguration' via constructor to bean named 'dataSource'
2023-11-20T11:27:30.054+09:00 DEBUG 18536 --- [    Test worker] o.s.b.f.s.DefaultListableBeanFactory     : Autowiring by type from bean name 'org.springframework.boot.autoconfigure.orm.jpa.HibernateJpaConfiguration' via constructor to bean named 'spring.jpa-org.springframework.boot.autoconfigure.orm.jpa.JpaProperties'
2023-11-20T11:27:30.054+09:00 DEBUG 18536 --- [    Test worker] o.s.b.f.s.DefaultListableBeanFactory     : Autowiring by type from bean name 'org.springframework.boot.autoconfigure.orm.jpa.HibernateJpaConfiguration' via constructor to bean named 'org.springframework.beans.factory.support.DefaultListableBeanFactory@19569ebd'
2023-11-20T11:27:30.054+09:00 DEBUG 18536 --- [    Test worker] o.s.b.f.s.DefaultListableBeanFactory     : Autowiring by type from bean name 'org.springframework.boot.autoconfigure.orm.jpa.HibernateJpaConfiguration' via constructor to bean named 'spring.jpa.hibernate-org.springframework.boot.autoconfigure.orm.jpa.HibernateProperties'
2023-11-20T11:27:30.059+09:00 DEBUG 18536 --- [    Test worker] o.s.b.f.s.DefaultListableBeanFactory     : Creating shared instance of singleton bean 'hikariPoolDataSourceMetadataProvider'
2023-11-20T11:27:30.060+09:00 DEBUG 18536 --- [    Test worker] o.s.b.f.s.DefaultListableBeanFactory     : Creating shared instance of singleton bean 'org.springframework.boot.autoconfigure.jdbc.metadata.DataSourcePoolMetadataProvidersConfiguration$HikariPoolDataSourceMetadataProviderConfiguration'
2023-11-20T11:27:30.071+09:00 DEBUG 18536 --- [    Test worker] o.s.b.f.s.DefaultListableBeanFactory     : Creating shared instance of singleton bean 'entityManagerFactoryBuilder'
2023-11-20T11:27:30.073+09:00 DEBUG 18536 --- [    Test worker] o.s.b.f.s.DefaultListableBeanFactory     : Creating shared instance of singleton bean 'jpaVendorAdapter'
2023-11-20T11:27:30.109+09:00 DEBUG 18536 --- [    Test worker] o.s.b.f.s.DefaultListableBeanFactory     : Autowiring by type from bean name 'entityManagerFactoryBuilder' via factory method to bean named 'jpaVendorAdapter'
2023-11-20T11:27:30.114+09:00 DEBUG 18536 --- [    Test worker] o.s.b.f.s.DefaultListableBeanFactory     : Creating shared instance of singleton bean 'persistenceManagedTypes'
2023-11-20T11:27:30.116+09:00 DEBUG 18536 --- [    Test worker] o.s.b.f.s.DefaultListableBeanFactory     : Autowiring by type from bean name 'persistenceManagedTypes' via factory method to bean named 'org.springframework.beans.factory.support.DefaultListableBeanFactory@19569ebd'
2023-11-20T11:27:30.119+09:00 DEBUG 18536 --- [    Test worker] o.s.b.f.s.DefaultListableBeanFactory     : Autowiring by type from bean name 'persistenceManagedTypes' via factory method to bean named 'org.springframework.web.context.support.GenericWebApplicationContext@2bc12da'
2023-11-20T11:27:30.130+09:00 DEBUG 18536 --- [    Test worker] o.s.b.f.s.DefaultListableBeanFactory     : Autowiring by type from bean name 'entityManagerFactory' via factory method to bean named 'entityManagerFactoryBuilder'
2023-11-20T11:27:30.130+09:00 DEBUG 18536 --- [    Test worker] o.s.b.f.s.DefaultListableBeanFactory     : Autowiring by type from bean name 'entityManagerFactory' via factory method to bean named 'persistenceManagedTypes'
2023-11-20T11:27:30.148+09:00 DEBUG 18536 --- [    Test worker] o.s.jdbc.datasource.DataSourceUtils      : Fetching JDBC Connection from DataSource
2023-11-20T11:27:30.149+09:00  INFO 18536 --- [    Test worker] com.zaxxer.hikari.HikariDataSource       : HikariPool-1 - Starting...
2023-11-20T11:27:30.421+09:00  INFO 18536 --- [    Test worker] com.zaxxer.hikari.pool.HikariPool        : HikariPool-1 - Added connection com.mysql.cj.jdbc.ConnectionImpl@5bcec67e
2023-11-20T11:27:30.426+09:00  INFO 18536 --- [    Test worker] com.zaxxer.hikari.HikariDataSource       : HikariPool-1 - Start completed.
2023-11-20T11:27:30.469+09:00 DEBUG 18536 --- [    Test worker] j.LocalContainerEntityManagerFactoryBean : Building JPA container EntityManagerFactory for persistence unit 'default'
2023-11-20T11:27:30.489+09:00 DEBUG 18536 --- [    Test worker] o.hibernate.jpa.internal.util.LogHelper  : PersistenceUnitInfo [
	name: default
	persistence provider classname: null
	classloader: jdk.internal.loader.ClassLoaders$AppClassLoader@70dea4e
	excludeUnlistedClasses: true
	JTA datasource: null
	Non JTA datasource: HikariDataSource (HikariPool-1)
	Transaction type: RESOURCE_LOCAL
	PU root URL: file:/D:/spring_code/FourFlowerServer/FourFlowerServer/build/classes/java/test/
	Shared Cache Mode: UNSPECIFIED
	Validation Mode: AUTO
	Jar files URLs []
	Managed classes names []
	Mapping files names []
	Properties []
2023-11-20T11:27:30.507+09:00 DEBUG 18536 --- [    Test worker] o.h.i.internal.IntegratorServiceImpl     : Adding Integrator [org.hibernate.boot.beanvalidation.BeanValidationIntegrator].
2023-11-20T11:27:30.508+09:00 DEBUG 18536 --- [    Test worker] o.h.i.internal.IntegratorServiceImpl     : Adding Integrator [org.hibernate.cache.internal.CollectionCacheInvalidator].
2023-11-20T11:27:30.591+09:00  INFO 18536 --- [    Test worker] org.hibernate.Version                    : HHH000412: Hibernate ORM core version 6.2.13.Final
2023-11-20T11:27:30.593+09:00 DEBUG 18536 --- [    Test worker] org.hibernate.cfg.Environment            : HHH000206: 'hibernate.properties' not found
2023-11-20T11:27:30.597+09:00  INFO 18536 --- [    Test worker] org.hibernate.cfg.Environment            : HHH000406: Using bytecode reflection optimizer
2023-11-20T11:27:30.660+09:00 DEBUG 18536 --- [    Test worker] org.hibernate.orm.idgen.factory          : Registering IdentifierGenerator strategy [uuid2] -> [org.hibernate.id.UUIDGenerator]
2023-11-20T11:27:30.661+09:00 DEBUG 18536 --- [    Test worker] org.hibernate.orm.idgen.factory          : Registering IdentifierGenerator strategy [guid] -> [org.hibernate.id.GUIDGenerator]
2023-11-20T11:27:30.663+09:00 DEBUG 18536 --- [    Test worker] org.hibernate.orm.idgen.factory          : Registering IdentifierGenerator strategy [uuid] -> [org.hibernate.id.UUIDHexGenerator]
2023-11-20T11:27:30.663+09:00 DEBUG 18536 --- [    Test worker] org.hibernate.orm.idgen.factory          : Registering IdentifierGenerator strategy [uuid.hex] -> [org.hibernate.id.UUIDHexGenerator]
2023-11-20T11:27:30.664+09:00 DEBUG 18536 --- [    Test worker] org.hibernate.orm.idgen.factory          : Registering IdentifierGenerator strategy [assigned] -> [org.hibernate.id.Assigned]
2023-11-20T11:27:30.668+09:00 DEBUG 18536 --- [    Test worker] org.hibernate.orm.idgen.factory          : Registering IdentifierGenerator strategy [identity] -> [org.hibernate.id.IdentityGenerator]
2023-11-20T11:27:30.668+09:00 DEBUG 18536 --- [    Test worker] org.hibernate.orm.idgen.factory          : Registering IdentifierGenerator strategy [select] -> [org.hibernate.id.SelectGenerator]
2023-11-20T11:27:30.672+09:00 DEBUG 18536 --- [    Test worker] org.hibernate.orm.idgen.factory          : Registering IdentifierGenerator strategy [sequence] -> [org.hibernate.id.enhanced.SequenceStyleGenerator]
2023-11-20T11:27:30.674+09:00 DEBUG 18536 --- [    Test worker] org.hibernate.orm.idgen.factory          : Registering IdentifierGenerator strategy [increment] -> [org.hibernate.id.IncrementGenerator]
2023-11-20T11:27:30.681+09:00 DEBUG 18536 --- [    Test worker] org.hibernate.orm.idgen.factory          : Registering IdentifierGenerator strategy [foreign] -> [org.hibernate.id.ForeignGenerator]
2023-11-20T11:27:30.682+09:00 DEBUG 18536 --- [    Test worker] org.hibernate.orm.idgen.factory          : Registering IdentifierGenerator strategy [enhanced-sequence] -> [org.hibernate.id.enhanced.SequenceStyleGenerator]
2023-11-20T11:27:30.684+09:00 DEBUG 18536 --- [    Test worker] org.hibernate.orm.idgen.factory          : Registering IdentifierGenerator strategy [enhanced-table] -> [org.hibernate.id.enhanced.TableGenerator]
2023-11-20T11:27:30.702+09:00 DEBUG 18536 --- [    Test worker] o.h.c.internal.RegionFactoryInitiator    : Cannot default RegionFactory based on registered strategies as `[]` RegionFactory strategies were registered
2023-11-20T11:27:30.705+09:00 DEBUG 18536 --- [    Test worker] o.h.c.internal.RegionFactoryInitiator    : Cache region factory : org.hibernate.cache.internal.NoCachingRegionFactory
2023-11-20T11:27:30.847+09:00 DEBUG 18536 --- [    Test worker] org.hibernate.type.BasicTypeRegistry     : Adding type registration boolean -> org.hibernate.type.BasicTypeReference@2484dbb7
2023-11-20T11:27:30.848+09:00 DEBUG 18536 --- [    Test worker] org.hibernate.type.BasicTypeRegistry     : Adding type registration boolean -> org.hibernate.type.BasicTypeReference@2484dbb7
2023-11-20T11:27:30.848+09:00 DEBUG 18536 --- [    Test worker] org.hibernate.type.BasicTypeRegistry     : Adding type registration java.lang.Boolean -> org.hibernate.type.BasicTypeReference@2484dbb7
2023-11-20T11:27:30.848+09:00 DEBUG 18536 --- [    Test worker] org.hibernate.type.BasicTypeRegistry     : Adding type registration numeric_boolean -> org.hibernate.type.BasicTypeReference@111cba40
2023-11-20T11:27:30.848+09:00 DEBUG 18536 --- [    Test worker] org.hibernate.type.BasicTypeRegistry     : Adding type registration org.hibernate.type.NumericBooleanConverter -> org.hibernate.type.BasicTypeReference@111cba40
2023-11-20T11:27:30.848+09:00 DEBUG 18536 --- [    Test worker] org.hibernate.type.BasicTypeRegistry     : Adding type registration true_false -> org.hibernate.type.BasicTypeReference@48e41b5d
2023-11-20T11:27:30.848+09:00 DEBUG 18536 --- [    Test worker] org.hibernate.type.BasicTypeRegistry     : Adding type registration org.hibernate.type.TrueFalseConverter -> org.hibernate.type.BasicTypeReference@48e41b5d
2023-11-20T11:27:30.848+09:00 DEBUG 18536 --- [    Test worker] org.hibernate.type.BasicTypeRegistry     : Adding type registration yes_no -> org.hibernate.type.BasicTypeReference@51e8d066
2023-11-20T11:27:30.848+09:00 DEBUG 18536 --- [    Test worker] org.hibernate.type.BasicTypeRegistry     : Adding type registration org.hibernate.type.YesNoConverter -> org.hibernate.type.BasicTypeReference@51e8d066
2023-11-20T11:27:30.848+09:00 DEBUG 18536 --- [    Test worker] org.hibernate.type.BasicTypeRegistry     : Adding type registration byte -> org.hibernate.type.BasicTypeReference@5333f08f
2023-11-20T11:27:30.850+09:00 DEBUG 18536 --- [    Test worker] org.hibernate.type.BasicTypeRegistry     : Adding type registration byte -> org.hibernate.type.BasicTypeReference@5333f08f
2023-11-20T11:27:30.850+09:00 DEBUG 18536 --- [    Test worker] org.hibernate.type.BasicTypeRegistry     : Adding type registration java.lang.Byte -> org.hibernate.type.BasicTypeReference@5333f08f
2023-11-20T11:27:30.850+09:00 DEBUG 18536 --- [    Test worker] org.hibernate.type.BasicTypeRegistry     : Adding type registration binary -> org.hibernate.type.BasicTypeReference@27898e13
2023-11-20T11:27:30.850+09:00 DEBUG 18536 --- [    Test worker] org.hibernate.type.BasicTypeRegistry     : Adding type registration byte[] -> org.hibernate.type.BasicTypeReference@27898e13
2023-11-20T11:27:30.850+09:00 DEBUG 18536 --- [    Test worker] org.hibernate.type.BasicTypeRegistry     : Adding type registration [B -> org.hibernate.type.BasicTypeReference@27898e13
2023-11-20T11:27:30.850+09:00 DEBUG 18536 --- [    Test worker] org.hibernate.type.BasicTypeRegistry     : Adding type registration binary_wrapper -> org.hibernate.type.BasicTypeReference@4f5f474c
2023-11-20T11:27:30.850+09:00 DEBUG 18536 --- [    Test worker] org.hibernate.type.BasicTypeRegistry     : Adding type registration wrapper-binary -> org.hibernate.type.BasicTypeReference@4f5f474c
2023-11-20T11:27:30.851+09:00 DEBUG 18536 --- [    Test worker] org.hibernate.type.BasicTypeRegistry     : Adding type registration image -> org.hibernate.type.BasicTypeReference@58a3d521
2023-11-20T11:27:30.851+09:00 DEBUG 18536 --- [    Test worker] org.hibernate.type.BasicTypeRegistry     : Adding type registration blob -> org.hibernate.type.BasicTypeReference@14d8e132
2023-11-20T11:27:30.851+09:00 DEBUG 18536 --- [    Test worker] org.hibernate.type.BasicTypeRegistry     : Adding type registration java.sql.Blob -> org.hibernate.type.BasicTypeReference@14d8e132
2023-11-20T11:27:30.851+09:00 DEBUG 18536 --- [    Test worker] org.hibernate.type.BasicTypeRegistry     : Adding type registration materialized_blob -> org.hibernate.type.BasicTypeReference@7f4a1cac
2023-11-20T11:27:30.851+09:00 DEBUG 18536 --- [    Test worker] org.hibernate.type.BasicTypeRegistry     : Adding type registration materialized_blob_wrapper -> org.hibernate.type.BasicTypeReference@4a1a412e
2023-11-20T11:27:30.851+09:00 DEBUG 18536 --- [    Test worker] org.hibernate.type.BasicTypeRegistry     : Adding type registration short -> org.hibernate.type.BasicTypeReference@c568f91
2023-11-20T11:27:30.852+09:00 DEBUG 18536 --- [    Test worker] org.hibernate.type.BasicTypeRegistry     : Adding type registration short -> org.hibernate.type.BasicTypeReference@c568f91
2023-11-20T11:27:30.852+09:00 DEBUG 18536 --- [    Test worker] org.hibernate.type.BasicTypeRegistry     : Adding type registration java.lang.Short -> org.hibernate.type.BasicTypeReference@c568f91
2023-11-20T11:27:30.852+09:00 DEBUG 18536 --- [    Test worker] org.hibernate.type.BasicTypeRegistry     : Adding type registration integer -> org.hibernate.type.BasicTypeReference@5fd43e58
2023-11-20T11:27:30.852+09:00 DEBUG 18536 --- [    Test worker] org.hibernate.type.BasicTypeRegistry     : Adding type registration int -> org.hibernate.type.BasicTypeReference@5fd43e58
2023-11-20T11:27:30.852+09:00 DEBUG 18536 --- [    Test worker] org.hibernate.type.BasicTypeRegistry     : Adding type registration java.lang.Integer -> org.hibernate.type.BasicTypeReference@5fd43e58
2023-11-20T11:27:30.853+09:00 DEBUG 18536 --- [    Test worker] org.hibernate.type.BasicTypeRegistry     : Adding type registration long -> org.hibernate.type.BasicTypeReference@70d4f672
2023-11-20T11:27:30.853+09:00 DEBUG 18536 --- [    Test worker] org.hibernate.type.BasicTypeRegistry     : Adding type registration long -> org.hibernate.type.BasicTypeReference@70d4f672
2023-11-20T11:27:30.853+09:00 DEBUG 18536 --- [    Test worker] org.hibernate.type.BasicTypeRegistry     : Adding type registration java.lang.Long -> org.hibernate.type.BasicTypeReference@70d4f672
2023-11-20T11:27:30.853+09:00 DEBUG 18536 --- [    Test worker] org.hibernate.type.BasicTypeRegistry     : Adding type registration float -> org.hibernate.type.BasicTypeReference@68dfda77
2023-11-20T11:27:30.854+09:00 DEBUG 18536 --- [    Test worker] org.hibernate.type.BasicTypeRegistry     : Adding type registration float -> org.hibernate.type.BasicTypeReference@68dfda77
2023-11-20T11:27:30.854+09:00 DEBUG 18536 --- [    Test worker] org.hibernate.type.BasicTypeRegistry     : Adding type registration java.lang.Float -> org.hibernate.type.BasicTypeReference@68dfda77
2023-11-20T11:27:30.854+09:00 DEBUG 18536 --- [    Test worker] org.hibernate.type.BasicTypeRegistry     : Adding type registration double -> org.hibernate.type.BasicTypeReference@50cdfafa
2023-11-20T11:27:30.854+09:00 DEBUG 18536 --- [    Test worker] org.hibernate.type.BasicTypeRegistry     : Adding type registration double -> org.hibernate.type.BasicTypeReference@50cdfafa
2023-11-20T11:27:30.855+09:00 DEBUG 18536 --- [    Test worker] org.hibernate.type.BasicTypeRegistry     : Adding type registration java.lang.Double -> org.hibernate.type.BasicTypeReference@50cdfafa
2023-11-20T11:27:30.855+09:00 DEBUG 18536 --- [    Test worker] org.hibernate.type.BasicTypeRegistry     : Adding type registration big_integer -> org.hibernate.type.BasicTypeReference@2e952845
2023-11-20T11:27:30.855+09:00 DEBUG 18536 --- [    Test worker] org.hibernate.type.BasicTypeRegistry     : Adding type registration java.math.BigInteger -> org.hibernate.type.BasicTypeReference@2e952845
2023-11-20T11:27:30.855+09:00 DEBUG 18536 --- [    Test worker] org.hibernate.type.BasicTypeRegistry     : Adding type registration big_decimal -> org.hibernate.type.BasicTypeReference@79252c83
2023-11-20T11:27:30.855+09:00 DEBUG 18536 --- [    Test worker] org.hibernate.type.BasicTypeRegistry     : Adding type registration java.math.BigDecimal -> org.hibernate.type.BasicTypeReference@79252c83
2023-11-20T11:27:30.856+09:00 DEBUG 18536 --- [    Test worker] org.hibernate.type.BasicTypeRegistry     : Adding type registration character -> org.hibernate.type.BasicTypeReference@6fbf5db2
2023-11-20T11:27:30.856+09:00 DEBUG 18536 --- [    Test worker] org.hibernate.type.BasicTypeRegistry     : Adding type registration char -> org.hibernate.type.BasicTypeReference@6fbf5db2
2023-11-20T11:27:30.856+09:00 DEBUG 18536 --- [    Test worker] org.hibernate.type.BasicTypeRegistry     : Adding type registration java.lang.Character -> org.hibernate.type.BasicTypeReference@6fbf5db2
2023-11-20T11:27:30.856+09:00 DEBUG 18536 --- [    Test worker] org.hibernate.type.BasicTypeRegistry     : Adding type registration character_nchar -> org.hibernate.type.BasicTypeReference@509a6095
2023-11-20T11:27:30.856+09:00 DEBUG 18536 --- [    Test worker] org.hibernate.type.BasicTypeRegistry     : Adding type registration string -> org.hibernate.type.BasicTypeReference@57cabdc3
2023-11-20T11:27:30.857+09:00 DEBUG 18536 --- [    Test worker] org.hibernate.type.BasicTypeRegistry     : Adding type registration java.lang.String -> org.hibernate.type.BasicTypeReference@57cabdc3
2023-11-20T11:27:30.857+09:00 DEBUG 18536 --- [    Test worker] org.hibernate.type.BasicTypeRegistry     : Adding type registration nstring -> org.hibernate.type.BasicTypeReference@75bd28d
2023-11-20T11:27:30.857+09:00 DEBUG 18536 --- [    Test worker] org.hibernate.type.BasicTypeRegistry     : Adding type registration characters -> org.hibernate.type.BasicTypeReference@129c4d19
2023-11-20T11:27:30.857+09:00 DEBUG 18536 --- [    Test worker] org.hibernate.type.BasicTypeRegistry     : Adding type registration char[] -> org.hibernate.type.BasicTypeReference@129c4d19
2023-11-20T11:27:30.857+09:00 DEBUG 18536 --- [    Test worker] org.hibernate.type.BasicTypeRegistry     : Adding type registration [C -> org.hibernate.type.BasicTypeReference@129c4d19
2023-11-20T11:27:30.858+09:00 DEBUG 18536 --- [    Test worker] org.hibernate.type.BasicTypeRegistry     : Adding type registration wrapper-characters -> org.hibernate.type.BasicTypeReference@11810917
2023-11-20T11:27:30.858+09:00 DEBUG 18536 --- [    Test worker] org.hibernate.type.BasicTypeRegistry     : Adding type registration text -> org.hibernate.type.BasicTypeReference@13278a41
2023-11-20T11:27:30.858+09:00 DEBUG 18536 --- [    Test worker] org.hibernate.type.BasicTypeRegistry     : Adding type registration ntext -> org.hibernate.type.BasicTypeReference@4a31ed12
2023-11-20T11:27:30.858+09:00 DEBUG 18536 --- [    Test worker] org.hibernate.type.BasicTypeRegistry     : Adding type registration clob -> org.hibernate.type.BasicTypeReference@3ab595c8
2023-11-20T11:27:30.858+09:00 DEBUG 18536 --- [    Test worker] org.hibernate.type.BasicTypeRegistry     : Adding type registration java.sql.Clob -> org.hibernate.type.BasicTypeReference@3ab595c8
2023-11-20T11:27:30.859+09:00 DEBUG 18536 --- [    Test worker] org.hibernate.type.BasicTypeRegistry     : Adding type registration nclob -> org.hibernate.type.BasicTypeReference@2365ea38
2023-11-20T11:27:30.859+09:00 DEBUG 18536 --- [    Test worker] org.hibernate.type.BasicTypeRegistry     : Adding type registration java.sql.NClob -> org.hibernate.type.BasicTypeReference@2365ea38
2023-11-20T11:27:30.859+09:00 DEBUG 18536 --- [    Test worker] org.hibernate.type.BasicTypeRegistry     : Adding type registration materialized_clob -> org.hibernate.type.BasicTypeReference@cbf1997
2023-11-20T11:27:30.859+09:00 DEBUG 18536 --- [    Test worker] org.hibernate.type.BasicTypeRegistry     : Adding type registration materialized_clob_char_array -> org.hibernate.type.BasicTypeReference@49232c6f
2023-11-20T11:27:30.859+09:00 DEBUG 18536 --- [    Test worker] org.hibernate.type.BasicTypeRegistry     : Adding type registration materialized_clob_character_array -> org.hibernate.type.BasicTypeReference@5faeeb56
2023-11-20T11:27:30.859+09:00 DEBUG 18536 --- [    Test worker] org.hibernate.type.BasicTypeRegistry     : Adding type registration materialized_nclob -> org.hibernate.type.BasicTypeReference@5396eeb1
2023-11-20T11:27:30.859+09:00 DEBUG 18536 --- [    Test worker] org.hibernate.type.BasicTypeRegistry     : Adding type registration materialized_nclob_character_array -> org.hibernate.type.BasicTypeReference@279126f5
2023-11-20T11:27:30.859+09:00 DEBUG 18536 --- [    Test worker] org.hibernate.type.BasicTypeRegistry     : Adding type registration materialized_nclob_char_array -> org.hibernate.type.BasicTypeReference@7781263c
2023-11-20T11:27:30.860+09:00 DEBUG 18536 --- [    Test worker] org.hibernate.type.BasicTypeRegistry     : Adding type registration Duration -> org.hibernate.type.BasicTypeReference@5fdd97c1
2023-11-20T11:27:30.860+09:00 DEBUG 18536 --- [    Test worker] org.hibernate.type.BasicTypeRegistry     : Adding type registration java.time.Duration -> org.hibernate.type.BasicTypeReference@5fdd97c1
2023-11-20T11:27:30.860+09:00 DEBUG 18536 --- [    Test worker] org.hibernate.type.BasicTypeRegistry     : Adding type registration LocalDateTime -> org.hibernate.type.BasicTypeReference@3b5a19ed
2023-11-20T11:27:30.860+09:00 DEBUG 18536 --- [    Test worker] org.hibernate.type.BasicTypeRegistry     : Adding type registration java.time.LocalDateTime -> org.hibernate.type.BasicTypeReference@3b5a19ed
2023-11-20T11:27:30.861+09:00 DEBUG 18536 --- [    Test worker] org.hibernate.type.BasicTypeRegistry     : Adding type registration LocalDate -> org.hibernate.type.BasicTypeReference@15d236fd
2023-11-20T11:27:30.861+09:00 DEBUG 18536 --- [    Test worker] org.hibernate.type.BasicTypeRegistry     : Adding type registration java.time.LocalDate -> org.hibernate.type.BasicTypeReference@15d236fd
2023-11-20T11:27:30.861+09:00 DEBUG 18536 --- [    Test worker] org.hibernate.type.BasicTypeRegistry     : Adding type registration LocalTime -> org.hibernate.type.BasicTypeReference@6b9c42bd
2023-11-20T11:27:30.861+09:00 DEBUG 18536 --- [    Test worker] org.hibernate.type.BasicTypeRegistry     : Adding type registration java.time.LocalTime -> org.hibernate.type.BasicTypeReference@6b9c42bd
2023-11-20T11:27:30.861+09:00 DEBUG 18536 --- [    Test worker] org.hibernate.type.BasicTypeRegistry     : Adding type registration OffsetDateTime -> org.hibernate.type.BasicTypeReference@584ca390
2023-11-20T11:27:30.862+09:00 DEBUG 18536 --- [    Test worker] org.hibernate.type.BasicTypeRegistry     : Adding type registration java.time.OffsetDateTime -> org.hibernate.type.BasicTypeReference@584ca390
2023-11-20T11:27:30.862+09:00 DEBUG 18536 --- [    Test worker] org.hibernate.type.BasicTypeRegistry     : Adding type registration OffsetDateTimeWithTimezone -> org.hibernate.type.BasicTypeReference@33324c05
2023-11-20T11:27:30.862+09:00 DEBUG 18536 --- [    Test worker] org.hibernate.type.BasicTypeRegistry     : Adding type registration OffsetDateTimeWithoutTimezone -> org.hibernate.type.BasicTypeReference@37d3e140
2023-11-20T11:27:30.862+09:00 DEBUG 18536 --- [    Test worker] org.hibernate.type.BasicTypeRegistry     : Adding type registration OffsetTime -> org.hibernate.type.BasicTypeReference@3e53c4ad
2023-11-20T11:27:30.862+09:00 DEBUG 18536 --- [    Test worker] org.hibernate.type.BasicTypeRegistry     : Adding type registration java.time.OffsetTime -> org.hibernate.type.BasicTypeReference@3e53c4ad
2023-11-20T11:27:30.862+09:00 DEBUG 18536 --- [    Test worker] org.hibernate.type.BasicTypeRegistry     : Adding type registration OffsetTimeUtc -> org.hibernate.type.BasicTypeReference@33eb0d4
2023-11-20T11:27:30.862+09:00 DEBUG 18536 --- [    Test worker] org.hibernate.type.BasicTypeRegistry     : Adding type registration OffsetTimeWithTimezone -> org.hibernate.type.BasicTypeReference@224d86d2
2023-11-20T11:27:30.864+09:00 DEBUG 18536 --- [    Test worker] org.hibernate.type.BasicTypeRegistry     : Adding type registration OffsetTimeWithoutTimezone -> org.hibernate.type.BasicTypeReference@a3cba3a
2023-11-20T11:27:30.864+09:00 DEBUG 18536 --- [    Test worker] org.hibernate.type.BasicTypeRegistry     : Adding type registration ZonedDateTime -> org.hibernate.type.BasicTypeReference@2aea717c
2023-11-20T11:27:30.864+09:00 DEBUG 18536 --- [    Test worker] org.hibernate.type.BasicTypeRegistry     : Adding type registration java.time.ZonedDateTime -> org.hibernate.type.BasicTypeReference@2aea717c
2023-11-20T11:27:30.864+09:00 DEBUG 18536 --- [    Test worker] org.hibernate.type.BasicTypeRegistry     : Adding type registration ZonedDateTimeWithTimezone -> org.hibernate.type.BasicTypeReference@5ca4dce5
2023-11-20T11:27:30.864+09:00 DEBUG 18536 --- [    Test worker] org.hibernate.type.BasicTypeRegistry     : Adding type registration ZonedDateTimeWithoutTimezone -> org.hibernate.type.BasicTypeReference@1291aab5
2023-11-20T11:27:30.864+09:00 DEBUG 18536 --- [    Test worker] org.hibernate.type.BasicTypeRegistry     : Adding type registration date -> org.hibernate.type.BasicTypeReference@7d133fb7
2023-11-20T11:27:30.865+09:00 DEBUG 18536 --- [    Test worker] org.hibernate.type.BasicTypeRegistry     : Adding type registration java.sql.Date -> org.hibernate.type.BasicTypeReference@7d133fb7
2023-11-20T11:27:30.865+09:00 DEBUG 18536 --- [    Test worker] org.hibernate.type.BasicTypeRegistry     : Adding type registration time -> org.hibernate.type.BasicTypeReference@40bd0f8
2023-11-20T11:27:30.865+09:00 DEBUG 18536 --- [    Test worker] org.hibernate.type.BasicTypeRegistry     : Adding type registration java.sql.Time -> org.hibernate.type.BasicTypeReference@40bd0f8
2023-11-20T11:27:30.865+09:00 DEBUG 18536 --- [    Test worker] org.hibernate.type.BasicTypeRegistry     : Adding type registration timestamp -> org.hibernate.type.BasicTypeReference@7eb27768
2023-11-20T11:27:30.865+09:00 DEBUG 18536 --- [    Test worker] org.hibernate.type.BasicTypeRegistry     : Adding type registration java.sql.Timestamp -> org.hibernate.type.BasicTypeReference@7eb27768
2023-11-20T11:27:30.865+09:00 DEBUG 18536 --- [    Test worker] org.hibernate.type.BasicTypeRegistry     : Adding type registration java.util.Date -> org.hibernate.type.BasicTypeReference@7eb27768
2023-11-20T11:27:30.866+09:00 DEBUG 18536 --- [    Test worker] org.hibernate.type.BasicTypeRegistry     : Adding type registration calendar -> org.hibernate.type.BasicTypeReference@6169be09
2023-11-20T11:27:30.866+09:00 DEBUG 18536 --- [    Test worker] org.hibernate.type.BasicTypeRegistry     : Adding type registration java.util.Calendar -> org.hibernate.type.BasicTypeReference@6169be09
2023-11-20T11:27:30.866+09:00 DEBUG 18536 --- [    Test worker] org.hibernate.type.BasicTypeRegistry     : Adding type registration java.util.GregorianCalendar -> org.hibernate.type.BasicTypeReference@6169be09
2023-11-20T11:27:30.866+09:00 DEBUG 18536 --- [    Test worker] org.hibernate.type.BasicTypeRegistry     : Adding type registration calendar_date -> org.hibernate.type.BasicTypeReference@5e3db14
2023-11-20T11:27:30.866+09:00 DEBUG 18536 --- [    Test worker] org.hibernate.type.BasicTypeRegistry     : Adding type registration calendar_time -> org.hibernate.type.BasicTypeReference@5fb54740
2023-11-20T11:27:30.866+09:00 DEBUG 18536 --- [    Test worker] org.hibernate.type.BasicTypeRegistry     : Adding type registration instant -> org.hibernate.type.BasicTypeReference@325162e9
2023-11-20T11:27:30.866+09:00 DEBUG 18536 --- [    Test worker] org.hibernate.type.BasicTypeRegistry     : Adding type registration java.time.Instant -> org.hibernate.type.BasicTypeReference@325162e9
2023-11-20T11:27:30.867+09:00 DEBUG 18536 --- [    Test worker] org.hibernate.type.BasicTypeRegistry     : Adding type registration uuid -> org.hibernate.type.BasicTypeReference@1ee40b5c
2023-11-20T11:27:30.867+09:00 DEBUG 18536 --- [    Test worker] org.hibernate.type.BasicTypeRegistry     : Adding type registration java.util.UUID -> org.hibernate.type.BasicTypeReference@1ee40b5c
2023-11-20T11:27:30.867+09:00 DEBUG 18536 --- [    Test worker] org.hibernate.type.BasicTypeRegistry     : Adding type registration pg-uuid -> org.hibernate.type.BasicTypeReference@1ee40b5c
2023-11-20T11:27:30.867+09:00 DEBUG 18536 --- [    Test worker] org.hibernate.type.BasicTypeRegistry     : Adding type registration uuid-binary -> org.hibernate.type.BasicTypeReference@5c448ef
2023-11-20T11:27:30.867+09:00 DEBUG 18536 --- [    Test worker] org.hibernate.type.BasicTypeRegistry     : Adding type registration uuid-char -> org.hibernate.type.BasicTypeReference@703e8050
2023-11-20T11:27:30.867+09:00 DEBUG 18536 --- [    Test worker] org.hibernate.type.BasicTypeRegistry     : Adding type registration class -> org.hibernate.type.BasicTypeReference@49c1e294
2023-11-20T11:27:30.867+09:00 DEBUG 18536 --- [    Test worker] org.hibernate.type.BasicTypeRegistry     : Adding type registration java.lang.Class -> org.hibernate.type.BasicTypeReference@49c1e294
2023-11-20T11:27:30.868+09:00 DEBUG 18536 --- [    Test worker] org.hibernate.type.BasicTypeRegistry     : Adding type registration currency -> org.hibernate.type.BasicTypeReference@7741ae1b
2023-11-20T11:27:30.868+09:00 DEBUG 18536 --- [    Test worker] org.hibernate.type.BasicTypeRegistry     : Adding type registration Currency -> org.hibernate.type.BasicTypeReference@7741ae1b
2023-11-20T11:27:30.868+09:00 DEBUG 18536 --- [    Test worker] org.hibernate.type.BasicTypeRegistry     : Adding type registration java.util.Currency -> org.hibernate.type.BasicTypeReference@7741ae1b
2023-11-20T11:27:30.868+09:00 DEBUG 18536 --- [    Test worker] org.hibernate.type.BasicTypeRegistry     : Adding type registration locale -> org.hibernate.type.BasicTypeReference@50e5032c
2023-11-20T11:27:30.868+09:00 DEBUG 18536 --- [    Test worker] org.hibernate.type.BasicTypeRegistry     : Adding type registration java.util.Locale -> org.hibernate.type.BasicTypeReference@50e5032c
2023-11-20T11:27:30.869+09:00 DEBUG 18536 --- [    Test worker] org.hibernate.type.BasicTypeRegistry     : Adding type registration serializable -> org.hibernate.type.BasicTypeReference@545d2560
2023-11-20T11:27:30.869+09:00 DEBUG 18536 --- [    Test worker] org.hibernate.type.BasicTypeRegistry     : Adding type registration java.io.Serializable -> org.hibernate.type.BasicTypeReference@545d2560
2023-11-20T11:27:30.869+09:00 DEBUG 18536 --- [    Test worker] org.hibernate.type.BasicTypeRegistry     : Adding type registration timezone -> org.hibernate.type.BasicTypeReference@124eb83d
2023-11-20T11:27:30.869+09:00 DEBUG 18536 --- [    Test worker] org.hibernate.type.BasicTypeRegistry     : Adding type registration java.util.TimeZone -> org.hibernate.type.BasicTypeReference@124eb83d
2023-11-20T11:27:30.869+09:00 DEBUG 18536 --- [    Test worker] org.hibernate.type.BasicTypeRegistry     : Adding type registration ZoneOffset -> org.hibernate.type.BasicTypeReference@6885ed19
2023-11-20T11:27:30.869+09:00 DEBUG 18536 --- [    Test worker] org.hibernate.type.BasicTypeRegistry     : Adding type registration java.time.ZoneOffset -> org.hibernate.type.BasicTypeReference@6885ed19
2023-11-20T11:27:30.869+09:00 DEBUG 18536 --- [    Test worker] org.hibernate.type.BasicTypeRegistry     : Adding type registration url -> org.hibernate.type.BasicTypeReference@10817f46
2023-11-20T11:27:30.869+09:00 DEBUG 18536 --- [    Test worker] org.hibernate.type.BasicTypeRegistry     : Adding type registration java.net.URL -> org.hibernate.type.BasicTypeReference@10817f46
2023-11-20T11:27:30.870+09:00 DEBUG 18536 --- [    Test worker] org.hibernate.type.BasicTypeRegistry     : Adding type registration row_version -> org.hibernate.type.BasicTypeReference@2d4a3e13
2023-11-20T11:27:30.881+09:00 DEBUG 18536 --- [    Test worker] org.hibernate.type.BasicTypeRegistry     : Adding type registration object -> org.hibernate.type.JavaObjectType@54f6b629
2023-11-20T11:27:30.882+09:00 DEBUG 18536 --- [    Test worker] org.hibernate.type.BasicTypeRegistry     : Adding type registration java.lang.Object -> org.hibernate.type.JavaObjectType@54f6b629
2023-11-20T11:27:30.883+09:00 DEBUG 18536 --- [    Test worker] org.hibernate.type.BasicTypeRegistry     : Adding type registration null -> org.hibernate.type.NullType@340afaf8
2023-11-20T11:27:30.884+09:00 DEBUG 18536 --- [    Test worker] org.hibernate.type.BasicTypeRegistry     : Adding type registration imm_date -> org.hibernate.type.BasicTypeReference@6238d5e0
2023-11-20T11:27:30.884+09:00 DEBUG 18536 --- [    Test worker] org.hibernate.type.BasicTypeRegistry     : Adding type registration imm_time -> org.hibernate.type.BasicTypeReference@336f49a1
2023-11-20T11:27:30.884+09:00 DEBUG 18536 --- [    Test worker] org.hibernate.type.BasicTypeRegistry     : Adding type registration imm_timestamp -> org.hibernate.type.BasicTypeReference@2c8b8de0
2023-11-20T11:27:30.884+09:00 DEBUG 18536 --- [    Test worker] org.hibernate.type.BasicTypeRegistry     : Adding type registration imm_calendar -> org.hibernate.type.BasicTypeReference@4fb57fb3
2023-11-20T11:27:30.884+09:00 DEBUG 18536 --- [    Test worker] org.hibernate.type.BasicTypeRegistry     : Adding type registration imm_calendar_date -> org.hibernate.type.BasicTypeReference@6b063470
2023-11-20T11:27:30.884+09:00 DEBUG 18536 --- [    Test worker] org.hibernate.type.BasicTypeRegistry     : Adding type registration imm_calendar_time -> org.hibernate.type.BasicTypeReference@226d5af0
2023-11-20T11:27:30.884+09:00 DEBUG 18536 --- [    Test worker] org.hibernate.type.BasicTypeRegistry     : Adding type registration imm_binary -> org.hibernate.type.BasicTypeReference@527937d0
2023-11-20T11:27:30.885+09:00 DEBUG 18536 --- [    Test worker] org.hibernate.type.BasicTypeRegistry     : Adding type registration imm_serializable -> org.hibernate.type.BasicTypeReference@36d582cb
2023-11-20T11:27:30.891+09:00 DEBUG 18536 --- [    Test worker] o.h.boot.internal.BootstrapContextImpl   : Injecting JPA temp ClassLoader [org.springframework.instrument.classloading.SimpleThrowawayClassLoader@4b4969ea] into BootstrapContext; was [null]
2023-11-20T11:27:30.892+09:00 DEBUG 18536 --- [    Test worker] o.h.boot.internal.ClassLoaderAccessImpl  : ClassLoaderAccessImpl#injectTempClassLoader(org.springframework.instrument.classloading.SimpleThrowawayClassLoader@4b4969ea) [was null]
2023-11-20T11:27:30.894+09:00 DEBUG 18536 --- [    Test worker] o.h.boot.internal.BootstrapContextImpl   : Injecting ScanEnvironment [org.hibernate.jpa.boot.internal.StandardJpaScanEnvironmentImpl@34c62fdf] into BootstrapContext; was [null]
2023-11-20T11:27:30.894+09:00 DEBUG 18536 --- [    Test worker] o.h.boot.internal.BootstrapContextImpl   : Injecting ScanOptions [org.hibernate.boot.archive.scan.internal.StandardScanOptions@3de79067] into BootstrapContext; was [org.hibernate.boot.archive.scan.internal.StandardScanOptions@1eb85a47]
2023-11-20T11:27:30.918+09:00 DEBUG 18536 --- [    Test worker] o.h.b.i.BytecodeProviderInitiator        : HHH000021: Bytecode provider name : bytebuddy
2023-11-20T11:27:31.099+09:00  INFO 18536 --- [    Test worker] o.s.o.j.p.SpringPersistenceUnitInfo      : No LoadTimeWeaver setup: ignoring JPA class transformer
2023-11-20T11:27:31.099+09:00 DEBUG 18536 --- [    Test worker] o.h.boot.internal.BootstrapContextImpl   : Injecting JPA temp ClassLoader [null] into BootstrapContext; was [org.springframework.instrument.classloading.SimpleThrowawayClassLoader@4b4969ea]
2023-11-20T11:27:31.099+09:00 DEBUG 18536 --- [    Test worker] o.h.boot.internal.ClassLoaderAccessImpl  : ClassLoaderAccessImpl#injectTempClassLoader(null) [was org.springframework.instrument.classloading.SimpleThrowawayClassLoader@4b4969ea]
2023-11-20T11:27:31.133+09:00 DEBUG 18536 --- [    Test worker] o.h.e.j.e.i.JdbcEnvironmentInitiator     : Database ->
       name : MySQL
    version : 8.0.32
      major : 8
      minor : 0
2023-11-20T11:27:31.133+09:00 DEBUG 18536 --- [    Test worker] o.h.e.j.e.i.JdbcEnvironmentInitiator     : Driver ->
       name : MySQL Connector/J
    version : mysql-connector-j-8.0.33 (Revision: 7d6b0800528b6b25c68b52dc10d6c1c8429c100c)
      major : 8
      minor : 0
2023-11-20T11:27:31.133+09:00 DEBUG 18536 --- [    Test worker] o.h.e.j.e.i.JdbcEnvironmentInitiator     : JDBC version : 4.2
2023-11-20T11:27:31.207+09:00  WARN 18536 --- [    Test worker] org.hibernate.orm.deprecation            : HHH90000025: MySQLDialect does not need to be specified explicitly using 'hibernate.dialect' (remove the property setting and it will be selected by default)
2023-11-20T11:27:31.208+09:00 DEBUG 18536 --- [    Test worker] org.hibernate.orm.dialect                : HHH035001: Using dialect: org.hibernate.dialect.MySQLDialect, version: 8.0.32
2023-11-20T11:27:31.216+09:00 DEBUG 18536 --- [    Test worker] o.h.e.j.env.spi.IdentifierHelperBuilder  : JDBC driver metadata reported database stores quoted identifiers in more than one case
2023-11-20T11:27:31.216+09:00 DEBUG 18536 --- [    Test worker] o.h.e.j.env.spi.IdentifierHelperBuilder  : IdentifierCaseStrategy for both quoted and unquoted identifiers was set to the same strategy [LOWER]; that will likely lead to problems in schema update and validation if using quoted identifiers
2023-11-20T11:27:31.233+09:00 DEBUG 18536 --- [    Test worker] o.h.t.d.sql.spi.DdlTypeRegistry          : addDescriptor(12, org.hibernate.type.descriptor.sql.internal.CapacityDependentDdlType@7fd751de) replaced previous registration(org.hibernate.type.descriptor.sql.internal.CapacityDependentDdlType@e162a35)
2023-11-20T11:27:31.234+09:00 DEBUG 18536 --- [    Test worker] o.h.t.d.sql.spi.DdlTypeRegistry          : addDescriptor(-9, org.hibernate.type.descriptor.sql.internal.CapacityDependentDdlType@1124910c) replaced previous registration(org.hibernate.type.descriptor.sql.internal.CapacityDependentDdlType@f849027)
2023-11-20T11:27:31.234+09:00 DEBUG 18536 --- [    Test worker] o.h.t.d.sql.spi.DdlTypeRegistry          : addDescriptor(-3, org.hibernate.type.descriptor.sql.internal.CapacityDependentDdlType@4a9869a8) replaced previous registration(org.hibernate.type.descriptor.sql.internal.CapacityDependentDdlType@75e0a54c)
2023-11-20T11:27:31.234+09:00 DEBUG 18536 --- [    Test worker] o.h.t.d.sql.spi.DdlTypeRegistry          : addDescriptor(4003, org.hibernate.type.descriptor.sql.internal.DdlTypeImpl@40f9f60d) replaced previous registration(org.hibernate.type.descriptor.sql.internal.DdlTypeImpl@6bd7439d)
2023-11-20T11:27:31.236+09:00 DEBUG 18536 --- [    Test worker] o.h.t.d.sql.spi.DdlTypeRegistry          : addDescriptor(4001, org.hibernate.type.descriptor.sql.internal.DdlTypeImpl@628ba266) replaced previous registration(org.hibernate.type.descriptor.sql.internal.DdlTypeImpl@1231a1be)
2023-11-20T11:27:31.236+09:00 DEBUG 18536 --- [    Test worker] o.h.t.d.sql.spi.DdlTypeRegistry          : addDescriptor(4002, org.hibernate.type.descriptor.sql.internal.DdlTypeImpl@1d77746b) replaced previous registration(org.hibernate.type.descriptor.sql.internal.DdlTypeImpl@4ced17f3)
2023-11-20T11:27:31.236+09:00 DEBUG 18536 --- [    Test worker] o.h.t.d.sql.spi.DdlTypeRegistry          : addDescriptor(2004, org.hibernate.type.descriptor.sql.internal.CapacityDependentDdlType@734a149a) replaced previous registration(org.hibernate.type.descriptor.sql.internal.DdlTypeImpl@6ce9771c)
2023-11-20T11:27:31.236+09:00 DEBUG 18536 --- [    Test worker] o.h.t.d.sql.spi.DdlTypeRegistry          : addDescriptor(2005, org.hibernate.type.descriptor.sql.internal.CapacityDependentDdlType@4a9b92c6) replaced previous registration(org.hibernate.type.descriptor.sql.internal.DdlTypeImpl@6eed46e9)
2023-11-20T11:27:31.236+09:00 DEBUG 18536 --- [    Test worker] o.h.t.d.sql.spi.DdlTypeRegistry          : addDescriptor(2011, org.hibernate.type.descriptor.sql.internal.CapacityDependentDdlType@4d20616a) replaced previous registration(org.hibernate.type.descriptor.sql.internal.DdlTypeImpl@6ad6ae45)
2023-11-20T11:27:31.238+09:00 DEBUG 18536 --- [    Test worker] o.h.t.d.jdbc.spi.JdbcTypeRegistry        : addDescriptor(NCharTypeDescriptor) replaced previous registration(CharTypeDescriptor)
2023-11-20T11:27:31.239+09:00 DEBUG 18536 --- [    Test worker] o.h.t.d.jdbc.spi.JdbcTypeRegistry        : addDescriptor(NVarcharTypeDescriptor) replaced previous registration(VarcharTypeDescriptor)
2023-11-20T11:27:31.239+09:00 DEBUG 18536 --- [    Test worker] o.h.t.d.jdbc.spi.JdbcTypeRegistry        : addDescriptor(LongNVarcharTypeDescriptor) replaced previous registration(LongVarcharTypeDescriptor)
2023-11-20T11:27:31.242+09:00 DEBUG 18536 --- [    Test worker] o.h.t.d.jdbc.spi.JdbcTypeRegistry        : addDescriptor(NClobTypeDescriptor(DEFAULT)) replaced previous registration(ClobTypeDescriptor(DEFAULT))
2023-11-20T11:27:31.243+09:00 DEBUG 18536 --- [    Test worker] o.h.t.d.jdbc.spi.JdbcTypeRegistry        : addDescriptor(2005, ClobTypeDescriptor(STREAM_BINDING)) replaced previous registration(ClobTypeDescriptor(DEFAULT))
2023-11-20T11:27:31.247+09:00 DEBUG 18536 --- [    Test worker] org.hibernate.type.BasicTypeRegistry     : Adding type registration null -> org.hibernate.type.NullType@d49e8c6
2023-11-20T11:27:31.247+09:00 DEBUG 18536 --- [    Test worker] org.hibernate.type.BasicTypeRegistry     : Type registration key [null] overrode previous entry : `org.hibernate.type.NullType@340afaf8`
2023-11-20T11:27:31.252+09:00 DEBUG 18536 --- [    Test worker] org.hibernate.type.BasicTypeRegistry     : Adding type registration Duration -> basicType@1(java.time.Duration,2)
2023-11-20T11:27:31.253+09:00 DEBUG 18536 --- [    Test worker] org.hibernate.type.BasicTypeRegistry     : Adding type registration java.time.Duration -> basicType@1(java.time.Duration,2)
2023-11-20T11:27:31.257+09:00 DEBUG 18536 --- [    Test worker] org.hibernate.type.BasicTypeRegistry     : Adding type registration org.hibernate.type.OffsetDateTimeType -> basicType@2(java.time.OffsetDateTime,3003)
2023-11-20T11:27:31.257+09:00 DEBUG 18536 --- [    Test worker] org.hibernate.type.BasicTypeRegistry     : Adding type registration OffsetDateTime -> basicType@2(java.time.OffsetDateTime,3003)
2023-11-20T11:27:31.258+09:00 DEBUG 18536 --- [    Test worker] org.hibernate.type.BasicTypeRegistry     : Adding type registration java.time.OffsetDateTime -> basicType@2(java.time.OffsetDateTime,3003)
2023-11-20T11:27:31.258+09:00 DEBUG 18536 --- [    Test worker] org.hibernate.type.BasicTypeRegistry     : Adding type registration org.hibernate.type.ZonedDateTimeType -> basicType@3(java.time.ZonedDateTime,3003)
2023-11-20T11:27:31.258+09:00 DEBUG 18536 --- [    Test worker] org.hibernate.type.BasicTypeRegistry     : Adding type registration ZonedDateTime -> basicType@3(java.time.ZonedDateTime,3003)
2023-11-20T11:27:31.258+09:00 DEBUG 18536 --- [    Test worker] org.hibernate.type.BasicTypeRegistry     : Adding type registration java.time.ZonedDateTime -> basicType@3(java.time.ZonedDateTime,3003)
2023-11-20T11:27:31.260+09:00 DEBUG 18536 --- [    Test worker] org.hibernate.type.BasicTypeRegistry     : Adding type registration org.hibernate.type.OffsetTimeType -> basicType@4(java.time.OffsetTime,3007)
2023-11-20T11:27:31.260+09:00 DEBUG 18536 --- [    Test worker] org.hibernate.type.BasicTypeRegistry     : Adding type registration OffsetTime -> basicType@4(java.time.OffsetTime,3007)
2023-11-20T11:27:31.260+09:00 DEBUG 18536 --- [    Test worker] org.hibernate.type.BasicTypeRegistry     : Adding type registration java.time.OffsetTime -> basicType@4(java.time.OffsetTime,3007)
2023-11-20T11:27:31.261+09:00 DEBUG 18536 --- [    Test worker] o.h.type.spi.TypeConfiguration$Scope     : Scoping TypeConfiguration [org.hibernate.type.spi.TypeConfiguration@cd5ff55] to MetadataBuildingContext [org.hibernate.boot.internal.MetadataBuildingContextRootImpl@6003220a]
2023-11-20T11:27:31.295+09:00 DEBUG 18536 --- [    Test worker] o.h.boot.model.relational.Namespace      : Created database namespace [logicalName=Name{catalog=null, schema=null}, physicalName=Name{catalog=null, schema=null}]
2023-11-20T11:27:31.331+09:00 DEBUG 18536 --- [    Test worker] o.h.b.i.BytecodeProviderInitiator        : HHH000021: Bytecode provider name : bytebuddy
2023-11-20T11:27:31.353+09:00 DEBUG 18536 --- [    Test worker] o.hibernate.internal.SessionFactoryImpl  : Building session factory
2023-11-20T11:27:31.414+09:00 DEBUG 18536 --- [    Test worker] .h.s.i.SessionFactoryServiceRegistryImpl : EventListenerRegistry access via ServiceRegistry is deprecated.  Use `sessionFactory.getEventEngine().getListenerRegistry()` instead
2023-11-20T11:27:31.415+09:00 DEBUG 18536 --- [    Test worker] o.hibernate.internal.SessionFactoryImpl  : Instantiating SessionFactory with settings: {java.specification.version=17, sun.cpu.isalist=amd64, hibernate.resource.beans.container=org.springframework.orm.hibernate5.SpringBeanContainer@10d98940, hibernate.connection.handling_mode=DELAYED_ACQUISITION_AND_HOLD, sun.jnu.encoding=MS949, hibernate.dialect=org.hibernate.dialect.MySQLDialect, org.gradle.test.worker=4, hibernate.implicit_naming_strategy=org.springframework.boot.orm.jpa.hibernate.SpringImplicitNamingStrategy, java.class.path=C:\\Users\\bbuny\\.gradle\\caches\\8.4\\workerMain\\gradle-worker.jar;D:\\spring_code\\FourFlowerServer\\FourFlowerServer\\build\\classes\\java\\test;D:\\spring_code\\FourFlowerServer\\FourFlowerServer\\build\\classes\\java\\main;D:\\spring_code\\FourFlowerServer\\FourFlowerServer\\build\\resources\\main;C:\\Users\\bbuny\\.gradle\\caches\\modules-2\\files-2.1\\org.springframework.boot\\spring-boot-starter-web\\3.1.5\\3674e5603cc25bc4dccf73b97d50234332fc3d72\\spring-boot-starter-web-3.1.5.jar;C:\\Users\\bbuny\\.gradle\\caches\\modules-2\\files-2.1\\org.springframework.boot\\spring-boot-starter-data-jpa\\3.1.5\\5fdcfab1fe9d6dddf4352d71f5ed879eb1aa92c2\\spring-boot-starter-data-jpa-3.1.5.jar;C:\\Users\\bbuny\\.gradle\\caches\\modules-2\\files-2.1\\com.h2database\\h2\\2.1.214\\d5c2005c9e3279201e12d4776c948578b16bf8b2\\h2-2.1.214.jar;C:\\Users\\bbuny\\.gradle\\caches\\modules-2\\files-2.1\\org.springframework.boot\\spring-boot-starter-test\\3.1.5\\a57c3ffc88edb99fcef4e9f43f3e67de4da8d13c\\spring-boot-starter-test-3.1.5.jar;C:\\Users\\bbuny\\.gradle\\caches\\modules-2\\files-2.1\\org.junit.jupiter\\junit-jupiter\\5.9.3\\72e840501e1550e9799c9a5cc9483d7d6b29e0ba\\junit-jupiter-5.9.3.jar;C:\\Users\\bbuny\\.gradle\\caches\\modules-2\\files-2.1\\org.junit.jupiter\\junit-jupiter-engine\\5.5.0\\e689e3c86c7c65c984d4dfd778717af778f739ce\\junit-jupiter-engine-5.5.0.jar;C:\\Users\\bbuny\\.gradle\\caches\\modules-2\\files-2.1\\org.junit.platform\\junit-platform-engine\\1.9.3\\8616734a190f8d307376aeb7353dba0a2c037a09\\junit-platform-engine-1.9.3.jar;C:\\Users\\bbuny\\.gradle\\caches\\modules-2\\files-2.1\\org.mockito\\mockito-junit-jupiter\\5.3.1\\d6ac0f6d54addf02def4ba1213f73a15ae6c2308\\mockito-junit-jupiter-5.3.1.jar;C:\\Users\\bbuny\\.gradle\\caches\\modules-2\\files-2.1\\org.junit.jupiter\\junit-jupiter-params\\5.9.3\\9e2a4bf6016a1975f408a73523392875cff7c26f\\junit-jupiter-params-5.9.3.jar;C:\\Users\\bbuny\\.gradle\\caches\\modules-2\\files-2.1\\org.junit.jupiter\\junit-jupiter-api\\5.5.0\\49cb319db20265a033394c397b55fc654c40c1df\\junit-jupiter-api-5.5.0.jar;C:\\Users\\bbuny\\.gradle\\caches\\modules-2\\files-2.1\\org.junit.platform\\junit-platform-commons\\1.9.3\\36b2e26a90c41603be7f0094bee80e3f8a2cd4d4\\junit-platform-commons-1.9.3.jar;C:\\Users\\bbuny\\.gradle\\caches\\modules-2\\files-2.1\\org.junit.platform\\junit-platform-launcher\\1.5.0\\4ad4941b2b85fa05a41c33ab8d41e97c40121a16\\junit-platform-launcher-1.5.0.jar;C:\\Users\\bbuny\\.gradle\\caches\\modules-2\\files-2.1\\org.springframework.boot\\spring-boot-starter-json\\3.1.5\\36ce79c1a5c63ffd72b092eb312cb35ac6edb128\\spring-boot-starter-json-3.1.5.jar;C:\\Users\\bbuny\\.gradle\\caches\\modules-2\\files-2.1\\org.springframework.boot\\spring-boot-starter-aop\\3.1.5\\2ac1f8bf4c2bce13b46d04abafc69a4f1523a08\\spring-boot-starter-aop-3.1.5.jar;C:\\Users\\bbuny\\.gradle\\caches\\modules-2\\files-2.1\\org.springframework.boot\\spring-boot-starter-jdbc\\3.1.5\\138c0e0ab493d8a51bb51dfc3b7144d702ff4c26\\spring-boot-starter-jdbc-3.1.5.jar;C:\\Users\\bbuny\\.gradle\\caches\\modules-2\\files-2.1\\org.springframework.boot\\spring-boot-starter\\3.1.5\\a14cd17b86261933929566775d80c65b9f7440fc\\spring-boot-starter-3.1.5.jar;C:\\Users\\bbuny\\.gradle\\caches\\modules-2\\files-2.1\\org.springframework.boot\\spring-boot-starter-tomcat\\3.1.5\\4b362b923ec1ca080556c4e55fe4ae73cf5a84d7\\spring-boot-starter-tomcat-3.1.5.jar;C:\\Users\\bbuny\\.gradle\\caches\\modules-2\\files-2.1\\org.springframework\\spring-webmvc\\6.0.13\\df1230a7dde55b9ce9d72670b42d621dc2e481df\\spring-webmvc-6.0.13.jar;C:\\Users\\bbuny\\.gradle\\caches\\modules-2\\files-2.1\\org.springframework\\spring-web\\6.0.13\\c374fcaf34d82d735a1dcf2c496f064488aa2b20\\spring-web-6.0.13.jar;C:\\Users\\bbuny\\.gradle\\caches\\modules-2\\files-2.1\\org.hibernate.orm\\hibernate-core\\6.2.13.Final\\de458672b40154ab9ecfe7466987ad1772167af8\\hibernate-core-6.2.13.Final.jar;C:\\Users\\bbuny\\.gradle\\caches\\modules-2\\files-2.1\\org.springframework.data\\spring-data-jpa\\3.1.5\\6de79da064f0b97c6448e0bfa5d63da9fb6e1582\\spring-data-jpa-3.1.5.jar;C:\\Users\\bbuny\\.gradle\\caches\\modules-2\\files-2.1\\org.springframework\\spring-aspects\\6.0.13\\59b1d3f507f5ed2e4ef357541c464925831bea9b\\spring-aspects-6.0.13.jar;C:\\Users\\bbuny\\.gradle\\caches\\modules-2\\files-2.1\\com.mysql\\mysql-connector-j\\8.0.33\\9e64d997873abc4318620264703d3fdb6b02dd5a\\mysql-connector-j-8.0.33.jar;C:\\Users\\bbuny\\.gradle\\caches\\modules-2\\files-2.1\\org.springframework.boot\\spring-boot-test-autoconfigure\\3.1.5\\9e0b68b6510c3067535e60a61568cb569efb4997\\spring-boot-test-autoconfigure-3.1.5.jar;C:\\Users\\bbuny\\.gradle\\caches\\modules-2\\files-2.1\\org.springframework.boot\\spring-boot-test\\3.1.5\\31a70b2aa98605b09a0b12229f1b12c8ca02bb2d\\spring-boot-test-3.1.5.jar;C:\\Users\\bbuny\\.gradle\\caches\\modules-2\\files-2.1\\com.jayway.jsonpath\\json-path\\2.8.0\\b4ab3b7a9e425655a0ca65487bbbd6d7ddb75160\\json-path-2.8.0.jar;C:\\Users\\bbuny\\.gradle\\caches\\modules-2\\files-2.1\\org.glassfish.jaxb\\jaxb-runtime\\4.0.3\\93af25be25b2c92c83e0ce61cb8b3ed23568f316\\jaxb-runtime-4.0.3.jar;C:\\Users\\bbuny\\.gradle\\caches\\modules-2\\files-2.1\\org.glassfish.jaxb\\jaxb-core\\4.0.3\\e9093b4a82069a1d78ee9a3233ca387bca88861f\\jaxb-core-4.0.3.jar;C:\\Users\\bbuny\\.gradle\\caches\\modules-2\\files-2.1\\jakarta.xml.bind\\jakarta.xml.bind-api\\4.0.1\\ca2330866cbc624c7e5ce982e121db1125d23e15\\jakarta.xml.bind-api-4.0.1.jar;C:\\Users\\bbuny\\.gradle\\caches\\modules-2\\files-2.1\\net.minidev\\json-smart\\2.4.11\\cc5888f14a5768f254b97bafe8b9fd29b31e872e\\json-smart-2.4.11.jar;C:\\Users\\bbuny\\.gradle\\caches\\modules-2\\files-2.1\\org.assertj\\assertj-core\\3.24.2\\ebbf338e33f893139459ce5df023115971c2786f\\assertj-core-3.24.2.jar;C:\\Users\\bbuny\\.gradle\\caches\\modules-2\\files-2.1\\org.hamcrest\\hamcrest\\2.2\\1820c0968dba3a11a1b30669bb1f01978a91dedc\\hamcrest-2.2.jar;C:\\Users\\bbuny\\.gradle\\caches\\modules-2\\files-2.1\\org.mockito\\mockito-core\\5.3.1\\7cac313592a29ae5e29c52c22b15c3ae5ab561b2\\mockito-core-5.3.1.jar;C:\\Users\\bbuny\\.gradle\\caches\\modules-2\\files-2.1\\org.skyscreamer\\jsonassert\\1.5.1\\6d842d0faf4cf6725c509a5e5347d319ee0431c3\\jsonassert-1.5.1.jar;C:\\Users\\bbuny\\.gradle\\caches\\modules-2\\files-2.1\\org.springframework\\spring-test\\6.0.13\\144feb2ac323b51845cebcce92bc78ff396bbdbe\\spring-test-6.0.13.jar;C:\\Users\\bbuny\\.gradle\\caches\\modules-2\\files-2.1\\org.springframework.boot\\spring-boot-autoconfigure\\3.1.5\\42a5b2ee98f700fba8d8c88d4af7b23266f1de0f\\spring-boot-autoconfigure-3.1.5.jar;C:\\Users\\bbuny\\.gradle\\caches\\modules-2\\files-2.1\\org.springframework.boot\\spring-boot\\3.1.5\\c188015a5a79f5df65e876dcfdef16148c45fe2c\\spring-boot-3.1.5.jar;C:\\Users\\bbuny\\.gradle\\caches\\modules-2\\files-2.1\\org.springframework\\spring-context\\6.0.13\\4c49af6dde7fce9602049f952b45ca29f30e2a37\\spring-context-6.0.13.jar;C:\\Users\\bbuny\\.gradle\\caches\\modules-2\\files-2.1\\org.springframework\\spring-aop\\6.0.13\\aae1a18033787c9d324322f4470b12264e773e83\\spring-aop-6.0.13.jar;C:\\Users\\bbuny\\.gradle\\caches\\modules-2\\files-2.1\\org.springframework\\spring-orm\\6.0.13\\604257dc4f28bf178c348a9e12068600838d61d2\\spring-orm-6.0.13.jar;C:\\Users\\bbuny\\.gradle\\caches\\modules-2\\files-2.1\\org.springframework\\spring-jdbc\\6.0.13\\67227f30eef525551983ad02071770ea685f2626\\spring-jdbc-6.0.13.jar;C:\\Users\\bbuny\\.gradle\\caches\\modules-2\\files-2.1\\org.springframework.data\\spring-data-commons\\3.1.5\\227d0b2dd185458c58e89b2a4696d1b752536a72\\spring-data-commons-3.1.5.jar;C:\\Users\\bbuny\\.gradle\\caches\\modules-2\\files-2.1\\org.springframework\\spring-tx\\6.0.13\\182219d97469f459e0c44033d5dc5260d042cfb\\spring-tx-6.0.13.jar;C:\\Users\\bbuny\\.gradle\\caches\\modules-2\\files-2.1\\org.springframework\\spring-beans\\6.0.13\\5b205c9f2fb07c1367db144ce7ab305f94300604\\spring-beans-6.0.13.jar;C:\\Users\\bbuny\\.gradle\\caches\\modules-2\\files-2.1\\org.springframework\\spring-expression\\6.0.13\\2bedffa4a3850bbbb652a31c47671824b17fbe01\\spring-expression-6.0.13.jar;C:\\Users\\bbuny\\.gradle\\caches\\modules-2\\files-2.1\\org.springframework\\spring-core\\6.0.13\\cd565c2408e37d2026822b871cd43e69da8ec40e\\spring-core-6.0.13.jar;C:\\Users\\bbuny\\.gradle\\caches\\modules-2\\files-2.1\\org.xmlunit\\xmlunit-core\\2.9.1\\e5833662d9a1279a37da3ef6f62a1da29fcd68c4\\xmlunit-core-2.9.1.jar;C:\\Users\\bbuny\\.gradle\\caches\\modules-2\\files-2.1\\org.apiguardian\\apiguardian-api\\1.1.0\\fc9dff4bb36d627bdc553de77e1f17efd790876c\\apiguardian-api-1.1.0.jar;C:\\Users\\bbuny\\.gradle\\caches\\modules-2\\files-2.1\\org.opentest4j\\opentest4j\\1.2.0\\28c11eb91f9b6d8e200631d46e20a7f407f2a046\\opentest4j-1.2.0.jar;C:\\Users\\bbuny\\.gradle\\caches\\modules-2\\files-2.1\\org.springframework.boot\\spring-boot-starter-logging\\3.1.5\\8d8a91061baa4347d97a8fe15f3337d943badab\\spring-boot-starter-logging-3.1.5.jar;C:\\Users\\bbuny\\.gradle\\caches\\modules-2\\files-2.1\\jakarta.annotation\\jakarta.annotation-api\\2.1.1\\48b9bda22b091b1f48b13af03fe36db3be6e1ae3\\jakarta.annotation-api-2.1.1.jar;C:\\Users\\bbuny\\.gradle\\caches\\modules-2\\files-2.1\\org.yaml\\snakeyaml\\1.33\\2cd0a87ff7df953f810c344bdf2fe3340b954c69\\snakeyaml-1.33.jar;C:\\Users\\bbuny\\.gradle\\caches\\modules-2\\files-2.1\\com.fasterxml.jackson.datatype\\jackson-datatype-jsr310\\2.15.3\\4a20a0e104931bfa72f24ef358c2eb63f1ef2aaf\\jackson-datatype-jsr310-2.15.3.jar;C:\\Users\\bbuny\\.gradle\\caches\\modules-2\\files-2.1\\com.fasterxml.jackson.module\\jackson-module-parameter-names\\2.15.3\\8d251b90c5358677e7d8161e0c2488e6f84f49da\\jackson-module-parameter-names-2.15.3.jar;C:\\Users\\bbuny\\.gradle\\caches\\modules-2\\files-2.1\\com.fasterxml.jackson.core\\jackson-annotations\\2.15.3\\79baf4e605eb3bbb60b1c475d44a7aecceea1d60\\jackson-annotations-2.15.3.jar;C:\\Users\\bbuny\\.gradle\\caches\\modules-2\\files-2.1\\com.fasterxml.jackson.core\\jackson-core\\2.15.3\\60d600567c1862840397bf9ff5a92398edc5797b\\jackson-core-2.15.3.jar;C:\\Users\\bbuny\\.gradle\\caches\\modules-2\\files-2.1\\com.fasterxml.jackson.datatype\\jackson-datatype-jdk8\\2.15.3\\80158cb020c7bd4e4ba94d8d752a65729dc943b2\\jackson-datatype-jdk8-2.15.3.jar;C:\\Users\\bbuny\\.gradle\\caches\\modules-2\\files-2.1\\com.fasterxml.jackson.core\\jackson-databind\\2.15.3\\a734bc2c47a9453c4efa772461a3aeb273c010d9\\jackson-databind-2.15.3.jar;C:\\Users\\bbuny\\.gradle\\caches\\modules-2\\files-2.1\\org.apache.tomcat.embed\\tomcat-embed-websocket\\10.1.15\\14cc0999d4a5128dc9bb8862487aa8ed4cd7fcd8\\tomcat-embed-websocket-10.1.15.jar;C:\\Users\\bbuny\\.gradle\\caches\\modules-2\\files-2.1\\org.apache.tomcat.embed\\tomcat-embed-core\\10.1.15\\e3a725405f494abc0fd4f30263c2e6ad87052de1\\tomcat-embed-core-10.1.15.jar;C:\\Users\\bbuny\\.gradle\\caches\\modules-2\\files-2.1\\org.apache.tomcat.embed\\tomcat-embed-el\\10.1.15\\49e784ef48d5fc7bc48d7e2a7ceb57e88b4d58b7\\tomcat-embed-el-10.1.15.jar;C:\\Users\\bbuny\\.gradle\\caches\\modules-2\\files-2.1\\io.micrometer\\micrometer-observation\\1.11.5\\803f341121416365d1c438fe2a7290b146fadc92\\micrometer-observation-1.11.5.jar;C:\\Users\\bbuny\\.gradle\\caches\\modules-2\\files-2.1\\org.aspectj\\aspectjweaver\\1.9.20\\da562407e43f74c0f8f5f5df4065d85ec1736d01\\aspectjweaver-1.9.20.jar;C:\\Users\\bbuny\\.gradle\\caches\\modules-2\\files-2.1\\com.zaxxer\\HikariCP\\5.0.1\\a74c7f0a37046846e88d54f7cb6ea6d565c65f9c\\HikariCP-5.0.1.jar;C:\\Users\\bbuny\\.gradle\\caches\\modules-2\\files-2.1\\jakarta.persistence\\jakarta.persistence-api\\3.1.0\\66901fa1c373c6aff65c13791cc11da72060a8d6\\jakarta.persistence-api-3.1.0.jar;C:\\Users\\bbuny\\.gradle\\caches\\modules-2\\files-2.1\\jakarta.transaction\\jakarta.transaction-api\\2.0.1\\51a520e3fae406abb84e2e1148e6746ce3f80a1a\\jakarta.transaction-api-2.0.1.jar;C:\\Users\\bbuny\\.gradle\\caches\\modules-2\\files-2.1\\org.jboss.logging\\jboss-logging\\3.5.3.Final\\c88fc1d8a96d4c3491f55d4317458ccad53ca663\\jboss-logging-3.5.3.Final.jar;C:\\Users\\bbuny\\.gradle\\caches\\modules-2\\files-2.1\\org.hibernate.common\\hibernate-commons-annotations\\6.0.6.Final\\77a5f94b56d49508e0ee334751db5b78e5ccd50c\\hibernate-commons-annotations-6.0.6.Final.jar;C:\\Users\\bbuny\\.gradle\\caches\\modules-2\\files-2.1\\io.smallrye\\jandex\\3.0.5\\c548a4871b552292dbdd65409d3fda145c8925c1\\jandex-3.0.5.jar;C:\\Users\\bbuny\\.gradle\\caches\\modules-2\\files-2.1\\com.fasterxml\\classmate\\1.5.1\\3fe0bed568c62df5e89f4f174c101eab25345b6c\\classmate-1.5.1.jar;C:\\Users\\bbuny\\.gradle\\caches\\modules-2\\files-2.1\\net.bytebuddy\\byte-buddy\\1.14.9\\b69e7fff6c473d3ed2b489cdfd673a091fd94226\\byte-buddy-1.14.9.jar;C:\\Users\\bbuny\\.gradle\\caches\\modules-2\\files-2.1\\jakarta.inject\\jakarta.inject-api\\2.0.1\\4c28afe1991a941d7702fe1362c365f0a8641d1e\\jakarta.inject-api-2.0.1.jar;C:\\Users\\bbuny\\.gradle\\caches\\modules-2\\files-2.1\\org.antlr\\antlr4-runtime\\4.10.1\\10839f875928f59c622d675091d51a43ea0dc5f7\\antlr4-runtime-4.10.1.jar;C:\\Users\\bbuny\\.gradle\\caches\\modules-2\\files-2.1\\ch.qos.logback\\logback-classic\\1.4.11\\54450c0c783e896a1a6d88c043bd2f1daba1c382\\logback-classic-1.4.11.jar;C:\\Users\\bbuny\\.gradle\\caches\\modules-2\\files-2.1\\org.apache.logging.log4j\\log4j-to-slf4j\\2.20.0\\d37f81f8978e2672bc32c82712ab4b3f66624adc\\log4j-to-slf4j-2.20.0.jar;C:\\Users\\bbuny\\.gradle\\caches\\modules-2\\files-2.1\\org.slf4j\\jul-to-slf4j\\2.0.9\\9ef7c70b248185845f013f49a33ff9ca65b7975\\jul-to-slf4j-2.0.9.jar;C:\\Users\\bbuny\\.gradle\\caches\\modules-2\\files-2.1\\org.slf4j\\slf4j-api\\2.0.9\\7cf2726fdcfbc8610f9a71fb3ed639871f315340\\slf4j-api-2.0.9.jar;C:\\Users\\bbuny\\.gradle\\caches\\modules-2\\files-2.1\\org.eclipse.angus\\angus-activation\\2.0.1\\eaafaf4eb71b400e4136fc3a286f50e34a68ecb7\\angus-activation-2.0.1.jar;C:\\Users\\bbuny\\.gradle\\caches\\modules-2\\files-2.1\\jakarta.activation\\jakarta.activation-api\\2.1.2\\640c0d5aff45dbff1e1a1bc09673ff3a02b1ba12\\jakarta.activation-api-2.1.2.jar;C:\\Users\\bbuny\\.gradle\\caches\\modules-2\\files-2.1\\net.minidev\\accessors-smart\\2.4.11\\245ceca7bdf3190fbb977045c852d5f3c8efece1\\accessors-smart-2.4.11.jar;C:\\Users\\bbuny\\.gradle\\caches\\modules-2\\files-2.1\\net.bytebuddy\\byte-buddy-agent\\1.14.9\\dfb8707031008535048bad2b69735f46d0b6c5e5\\byte-buddy-agent-1.14.9.jar;C:\\Users\\bbuny\\.gradle\\caches\\modules-2\\files-2.1\\org.objenesis\\objenesis\\3.3\\1049c09f1de4331e8193e579448d0916d75b7631\\objenesis-3.3.jar;C:\\Users\\bbuny\\.gradle\\caches\\modules-2\\files-2.1\\com.vaadin.external.google\\android-json\\0.0.20131108.vaadin1\\fa26d351fe62a6a17f5cda1287c1c6110dec413f\\android-json-0.0.20131108.vaadin1.jar;C:\\Users\\bbuny\\.gradle\\caches\\modules-2\\files-2.1\\org.springframework\\spring-jcl\\6.0.13\\91ea90f2de4c71dac3cff04882156b00cdca3e0d\\spring-jcl-6.0.13.jar;C:\\Users\\bbuny\\.gradle\\caches\\modules-2\\files-2.1\\io.micrometer\\micrometer-commons\\1.11.5\\3e708f737ba2674823201a836b5858482b183902\\micrometer-commons-1.11.5.jar;C:\\Users\\bbuny\\.gradle\\caches\\modules-2\\files-2.1\\org.ow2.asm\\asm\\9.3\\8e6300ef51c1d801a7ed62d07cd221aca3a90640\\asm-9.3.jar;C:\\Users\\bbuny\\.gradle\\caches\\modules-2\\files-2.1\\ch.qos.logback\\logback-core\\1.4.11\\2f9f280219a9922a74200eaf7138c4c17fb87c0f\\logback-core-1.4.11.jar;C:\\Users\\bbuny\\.gradle\\caches\\modules-2\\files-2.1\\org.apache.logging.log4j\\log4j-api\\2.20.0\\1fe6082e660daf07c689a89c94dc0f49c26b44bb\\log4j-api-2.20.0.jar;C:\\Users\\bbuny\\.gradle\\caches\\modules-2\\files-2.1\\org.glassfish.jaxb\\txw2\\4.0.3\\47b8fe31c6d1a3382203af919400527389e01e9c\\txw2-4.0.3.jar;C:\\Users\\bbuny\\.gradle\\caches\\modules-2\\files-2.1\\com.sun.istack\\istack-commons-runtime\\4.1.2\\18ec117c85f3ba0ac65409136afa8e42bc74e739\\istack-commons-runtime-4.1.2.jar, java.vm.vendor=Oracle Corporation, sun.arch.data.model=64, user.variant=, java.vendor.url=https://java.oracle.com/, user.timezone=Asia/Seoul, jakarta.persistence.sharedCache.mode=UNSPECIFIED, org.jboss.logging.provider=slf4j, java.vm.specification.version=17, os.name=Windows 11, jakarta.persistence.nonJtaDataSource=HikariDataSource (HikariPool-1), user.country=KR, sun.java.launcher=SUN_STANDARD, sun.boot.library.path=D:\Dev\java17\jdk-17\bin, sun.java.command=worker.org.gradle.process.internal.worker.GradleWorkerMain 'Gradle Test Executor 4', javax.persistence.nonJtaDataSource=HikariDataSource (HikariPool-1), hibernate.transaction.jta.platform=org.hibernate.engine.transaction.jta.platform.internal.NoJtaPlatform@58b8f9e3, jdk.debug=release, sun.cpu.endian=little, hibernate.cdi.extensions=true, user.home=C:\Users\bbuny, user.language=ko, java.specification.vendor=Oracle Corporation, org.gradle.native=false, java.version.date=2023-07-18, java.home=D:\Dev\java17\jdk-17, file.separator=\, java.vm.compressedOopsMode=32-bit, line.separator=
, hibernate.persistenceUnitName=default, java.vm.specification.vendor=Oracle Corporation, java.specification.name=Java Platform API Specification, FILE_LOG_CHARSET=x-windows-949, hibernate.transaction.coordinator_class=class org.hibernate.resource.transaction.backend.jdbc.internal.JdbcResourceLocalTransactionCoordinatorBuilderImpl, java.awt.headless=true, jakarta.persistence.validation.mode=AUTO, user.script=, sun.management.compiler=HotSpot 64-Bit Tiered Compilers, java.runtime.version=17.0.8+9-LTS-211, user.name=bbuny, path.separator=;, os.version=10.0, java.runtime.name=Java(TM) SE Runtime Environment, file.encoding=x-windows-949, java.vm.name=Java HotSpot(TM) 64-Bit Server VM, hibernate.show_sql=true, java.vendor.url.bug=https://bugreport.java.com/bugreport/, java.io.tmpdir=C:\Users\bbuny\AppData\Local\Temp\, com.zaxxer.hikari.pool_number=1, java.version=17.0.8, hibernate.physical_naming_strategy=org.hibernate.boot.model.naming.CamelCaseToUnderscoresNamingStrategy, user.dir=D:\spring_code\FourFlowerServer\FourFlowerServer, os.arch=amd64, java.vm.specification.name=Java Virtual Machine Specification, PID=18536, org.gradle.internal.worker.tmpdir=D:\spring_code\FourFlowerServer\FourFlowerServer\build\tmp\test\work, sun.os.patch.level=, CONSOLE_LOG_CHARSET=x-windows-949, hibernate.boot.CfgXmlAccessService.key=org.hibernate.boot.registry.StandardServiceRegistryBuilder$1@32a033b6, native.encoding=MS949, java.library.path=D:\Dev\java17\jdk-17\bin;C:\WINDOWS\Sun\Java\bin;C:\WINDOWS\system32;C:\WINDOWS;C:\Program Files\Common Files\Oracle\Java\javapath;C:\Python311\Scripts\;C:\Python311\;C:\Program Files (x86)\Intel\Intel(R) Management Engine Components\iCLS\;C:\Program Files\Intel\Intel(R) Management Engine Components\iCLS\;C:\WINDOWS\system32;C:\WINDOWS;C:\WINDOWS\System32\Wbem;C:\WINDOWS\System32\WindowsPowerShell\v1.0\;C:\WINDOWS\System32\OpenSSH\;C:\Program Files (x86)\Intel\Intel(R) Management Engine Components\DAL;C:\Program Files\Intel\Intel(R) Management Engine Components\DAL;D:\Dev\Git\cmd;D:\Dev\flutter\bin;C:\ProgramData\chocolatey\bin;C:\Program Files\nodejs\;D:\Dev\java17\jdk-17bin;C:\Users\bbuny\AppData\Local\Programs\Python\Python312\Scripts\;C:\Users\bbuny\AppData\Local\Programs\Python\Python312\;C:\Program Files\MySQL\MySQL Shell 8.0\bin\;C:\Users\bbuny\AppData\Local\Microsoft\WindowsApps;;D:\Dev\Microsoft VS Code\bin;C:\Users\bbuny\AppData\Roaming\npm;D:\Dev\IntelliJ IDEA Community Edition 2023.1\bin;;., java.vendor=Oracle Corporation, java.vm.info=mixed mode, sharing, java.vm.version=17.0.8+9-LTS-211, hibernate.bytecode.use_reflection_optimizer=true, sun.io.unicode.encoding=UnicodeLittle, hibernate.archive.scanner=org.hibernate.boot.archive.scan.internal.DisabledScanner, hibernate.connection.datasource=HikariDataSource (HikariPool-1), java.class.version=61.0}
2023-11-20T11:27:31.430+09:00 DEBUG 18536 --- [    Test worker] o.hibernate.internal.SessionFactoryImpl  : Session factory constructed with filter configurations : {}
2023-11-20T11:27:31.486+09:00 DEBUG 18536 --- [    Test worker] o.h.q.sqm.function.SqmFunctionRegistry   : Registered SqmFunctionTemplate [NamedSqmFunctionTemplate(max)] under max; prior registration was null
[...]

   TransactionAutoConfiguration.EnableTransactionManagementConfiguration.JdkDynamicAutoProxyConfiguration:
      Did not match:
         - @ConditionalOnProperty (spring.aop.proxy-target-class=false) did not find property 'proxy-target-class' (OnPropertyCondition)

   UserDetailsServiceAutoConfiguration:
      Did not match:
         - @ConditionalOnClass did not find required class 'org.springframework.security.authentication.AuthenticationManager' (OnClassCondition)

   ValidationAutoConfiguration:
      Did not match:
         - @ConditionalOnClass did not find required class 'jakarta.validation.executable.ExecutableValidator' (OnClassCondition)

   WebClientAutoConfiguration:
      Did not match:
         - @ConditionalOnClass did not find required class 'org.springframework.web.reactive.function.client.WebClient' (OnClassCondition)

   WebFluxAutoConfiguration:
      Did not match:
         - @ConditionalOnClass did not find required class 'org.springframework.web.reactive.config.WebFluxConfigurer' (OnClassCondition)

   WebMvcAutoConfiguration#hiddenHttpMethodFilter:
      Did not match:
         - @ConditionalOnProperty (spring.mvc.hiddenmethod.filter.enabled) did not find property 'enabled' (OnPropertyCondition)

   WebMvcAutoConfiguration.ProblemDetailsErrorHandlingConfiguration:
      Did not match:
         - @ConditionalOnProperty (spring.mvc.problemdetails.enabled=true) did not find property 'enabled' (OnPropertyCondition)

   WebMvcAutoConfiguration.ResourceChainCustomizerConfiguration:
      Did not match:
         - @ConditionalOnEnabledResourceChain did not find class org.webjars.WebJarAssetLocator (OnEnabledResourceChainCondition)

   WebMvcAutoConfiguration.WebMvcAutoConfigurationAdapter#beanNameViewResolver:
      Did not match:
         - @ConditionalOnMissingBean (types: org.springframework.web.servlet.view.BeanNameViewResolver; SearchStrategy: all) found beans of type 'org.springframework.web.servlet.view.BeanNameViewResolver' beanNameViewResolver (OnBeanCondition)

   WebServiceTemplateAutoConfiguration:
      Did not match:
         - @ConditionalOnClass did not find required class 'org.springframework.oxm.Marshaller' (OnClassCondition)

   WebServicesAutoConfiguration:
      Did not match:
         - @ConditionalOnClass did not find required class 'org.springframework.ws.transport.http.MessageDispatcherServlet' (OnClassCondition)

   WebSessionIdResolverAutoConfiguration:
      Did not match:
         - @ConditionalOnClass did not find required class 'reactor.core.publisher.Mono' (OnClassCondition)

   WebSocketMessagingAutoConfiguration:
      Did not match:
         - @ConditionalOnClass did not find required class 'org.springframework.web.socket.config.annotation.WebSocketMessageBrokerConfigurer' (OnClassCondition)

   WebSocketReactiveAutoConfiguration:
      Did not match:
         - @ConditionalOnWebApplication did not find reactive web application classes (OnWebApplicationCondition)

   WebSocketServletAutoConfiguration.JettyWebSocketConfiguration:
      Did not match:
         - @ConditionalOnClass did not find required class 'org.eclipse.jetty.websocket.jakarta.server.config.JakartaWebSocketServletContainerInitializer' (OnClassCondition)

   WebSocketServletAutoConfiguration.UndertowWebSocketConfiguration:
      Did not match:
         - @ConditionalOnClass did not find required class 'io.undertow.websockets.jsr.Bootstrap' (OnClassCondition)

   XADataSourceAutoConfiguration:
      Did not match:
         - @ConditionalOnBean (types: org.springframework.boot.jdbc.XADataSourceWrapper; SearchStrategy: all) did not find any beans of type org.springframework.boot.jdbc.XADataSourceWrapper (OnBeanCondition)
      Matched:
         - @ConditionalOnClass found required classes 'javax.sql.DataSource', 'jakarta.transaction.TransactionManager', 'org.springframework.jdbc.datasource.embedded.EmbeddedDatabaseType' (OnClassCondition)


Exclusions:
-----------

    None


Unconditional classes:
----------------------

    org.springframework.boot.autoconfigure.context.ConfigurationPropertiesAutoConfiguration

    org.springframework.boot.autoconfigure.ssl.SslAutoConfiguration

    org.springframework.boot.autoconfigure.context.LifecycleAutoConfiguration

    org.springframework.boot.autoconfigure.context.PropertyPlaceholderAutoConfiguration

    org.springframework.boot.autoconfigure.availability.ApplicationAvailabilityAutoConfiguration

    org.springframework.boot.autoconfigure.info.ProjectInfoAutoConfiguration



2023-11-20T11:27:32.538+09:00  INFO 18536 --- [    Test worker] c.e.F.FourFlowerServerApplicationTests   : Started FourFlowerServerApplicationTests in 4.285 seconds (process running for 6.07)
2023-11-20T11:27:32.541+09:00 DEBUG 18536 --- [    Test worker] o.s.b.a.ApplicationAvailabilityBean      : Application availability state LivenessState changed to CORRECT
2023-11-20T11:27:32.544+09:00 DEBUG 18536 --- [    Test worker] o.s.b.a.ApplicationAvailabilityBean      : Application availability state ReadinessState changed to ACCEPTING_TRAFFIC
2023-11-20T11:27:32.548+09:00 DEBUG 18536 --- [    Test worker] org.springframework.test.context.cache   : Spring test ApplicationContext cache statistics: [DefaultContextCache@142918a0 size = 1, maxSize = 32, parentContextCount = 0, hitCount = 0, missCount = 1]
2023-11-20T11:27:32.548+09:00 DEBUG 18536 --- [    Test worker] o.s.t.c.w.ServletTestExecutionListener   : Setting up MockHttpServletRequest, MockHttpServletResponse, ServletWebRequest, and RequestContextHolder for test class com.example.FourFlowerServer.FourFlowerServerApplicationTests
2023-11-20T11:27:32.569+09:00 DEBUG 18536 --- [    Test worker] DependencyInjectionTestExecutionListener : Performing dependency injection for test class com.example.FourFlowerServer.FourFlowerServerApplicationTests
2023-11-20T11:27:32.570+09:00 DEBUG 18536 --- [    Test worker] org.springframework.test.context.cache   : Spring test ApplicationContext cache statistics: [DefaultContextCache@142918a0 size = 1, maxSize = 32, parentContextCount = 0, hitCount = 1, missCount = 1]
2023-11-20T11:27:32.573+09:00 DEBUG 18536 --- [    Test worker] org.springframework.test.context.cache   : Spring test ApplicationContext cache statistics: [DefaultContextCache@142918a0 size = 1, maxSize = 32, parentContextCount = 0, hitCount = 2, missCount = 1]
2023-11-20T11:27:32.581+09:00 DEBUG 18536 --- [    Test worker] sContextBeforeModesTestExecutionListener : Before test method: class [FourFlowerServerApplicationTests], method [testConnections], class annotated with @DirtiesContext [false] with mode [null], method annotated with @DirtiesContext [false] with mode [null]
2023-11-20T11:27:32.587+09:00 DEBUG 18536 --- [    Test worker] org.springframework.test.context.cache   : Spring test ApplicationContext cache statistics: [DefaultContextCache@142918a0 size = 1, maxSize = 32, parentContextCount = 0, hitCount = 3, missCount = 1]
2023-11-20T11:27:32.587+09:00 DEBUG 18536 --- [    Test worker] org.springframework.test.context.cache   : Spring test ApplicationContext cache statistics: [DefaultContextCache@142918a0 size = 1, maxSize = 32, parentContextCount = 0, hitCount = 4, missCount = 1]
2023-11-20T11:27:33.547+09:00 DEBUG 18536 --- [    Test worker] org.springframework.test.context.cache   : Spring test ApplicationContext cache statistics: [DefaultContextCache@142918a0 size = 1, maxSize = 32, parentContextCount = 0, hitCount = 5, missCount = 1]
2023-11-20T11:27:33.580+09:00 DEBUG 18536 --- [    Test worker] org.springframework.test.context.cache   : Spring test ApplicationContext cache statistics: [DefaultContextCache@142918a0 size = 1, maxSize = 32, parentContextCount = 0, hitCount = 6, missCount = 1]
2023-11-20T11:27:33.580+09:00 DEBUG 18536 --- [    Test worker] org.springframework.test.context.cache   : Spring test ApplicationContext cache statistics: [DefaultContextCache@142918a0 size = 1, maxSize = 32, parentContextCount = 0, hitCount = 7, missCount = 1]
2023-11-20T11:27:33.583+09:00 DEBUG 18536 --- [    Test worker] org.springframework.test.context.cache   : Spring test ApplicationContext cache statistics: [DefaultContextCache@142918a0 size = 1, maxSize = 32, parentContextCount = 0, hitCount = 8, missCount = 1]
2023-11-20T11:27:33.583+09:00 DEBUG 18536 --- [    Test worker] org.springframework.test.context.cache   : Spring test ApplicationContext cache statistics: [DefaultContextCache@142918a0 size = 1, maxSize = 32, parentContextCount = 0, hitCount = 9, missCount = 1]
2023-11-20T11:27:33.584+09:00 DEBUG 18536 --- [    Test worker] org.springframework.test.context.cache   : Spring test ApplicationContext cache statistics: [DefaultContextCache@142918a0 size = 1, maxSize = 32, parentContextCount = 0, hitCount = 10, missCount = 1]
2023-11-20T11:27:33.585+09:00 DEBUG 18536 --- [    Test worker] org.springframework.test.context.cache   : Spring test ApplicationContext cache statistics: [DefaultContextCache@142918a0 size = 1, maxSize = 32, parentContextCount = 0, hitCount = 11, missCount = 1]
2023-11-20T11:27:33.586+09:00 DEBUG 18536 --- [    Test worker] .c.s.DirtiesContextTestExecutionListener : After test method: class [FourFlowerServerApplicationTests], method [testConnections], class annotated with @DirtiesContext [false] with mode [null], method annotated with @DirtiesContext [false] with mode [null]
2023-11-20T11:27:33.587+09:00 DEBUG 18536 --- [    Test worker] o.s.t.c.w.ServletTestExecutionListener   : Resetting RequestContextHolder for test class com.example.FourFlowerServer.FourFlowerServerApplicationTests
2023-11-20T11:27:33.596+09:00 DEBUG 18536 --- [    Test worker] org.springframework.test.context.cache   : Spring test ApplicationContext cache statistics: [DefaultContextCache@142918a0 size = 1, maxSize = 32, parentContextCount = 0, hitCount = 12, missCount = 1]
2023-11-20T11:27:33.597+09:00 DEBUG 18536 --- [    Test worker] .c.s.DirtiesContextTestExecutionListener : After test class: class [FourFlowerServerApplicationTests], class annotated with @DirtiesContext [false] with mode [null]
]]></system-out>
  <system-err><![CDATA[Loading class `com.mysql.jdbc.Driver'. This is deprecated. The new driver class is `com.mysql.cj.jdbc.Driver'. The driver is automatically registered via the SPI and manual loading of the driver class is generally unnecessary.
java.sql.SQLException: Access denied for user 'mxxxdxxx'@'localhost' (using password: YES)
	at com.mysql.cj.jdbc.exceptions.SQLError.createSQLException(SQLError.java:130)
	at com.mysql.cj.jdbc.exceptions.SQLExceptionsMapping.translateException(SQLExceptionsMapping.java:122)
	at com.mysql.cj.jdbc.ConnectionImpl.createNewIO(ConnectionImpl.java:825)
	at com.mysql.cj.jdbc.ConnectionImpl.<init>(ConnectionImpl.java:446)
	at com.mysql.cj.jdbc.ConnectionImpl.getInstance(ConnectionImpl.java:239)
	at com.mysql.cj.jdbc.NonRegisteringDriver.connect(NonRegisteringDriver.java:188)
	at java.sql/java.sql.DriverManager.getConnection(DriverManager.java:681)
	at java.sql/java.sql.DriverManager.getConnection(DriverManager.java:229)
	at com.example.FourFlowerServer.FourFlowerServerApplicationTests.testConnections(FourFlowerServerApplicationTests.java:22)
	at java.base/jdk.internal.reflect.NativeMethodAccessorImpl.invoke0(Native Method)
	at java.base/jdk.internal.reflect.NativeMethodAccessorImpl.invoke(NativeMethodAccessorImpl.java:77)
	at java.base/jdk.internal.reflect.DelegatingMethodAccessorImpl.invoke(DelegatingMethodAccessorImpl.java:43)
	at java.base/java.lang.reflect.Method.invoke(Method.java:568)
	at org.junit.platform.commons.util.ReflectionUtils.invokeMethod(ReflectionUtils.java:727)
	at org.junit.jupiter.engine.execution.MethodInvocation.proceed(MethodInvocation.java:60)
	at org.junit.jupiter.engine.execution.InvocationInterceptorChain$ValidatingInvocation.proceed(InvocationInterceptorChain.java:125)
	at org.junit.jupiter.engine.extension.TimeoutExtension.intercept(TimeoutExtension.java:132)
	at org.junit.jupiter.engine.extension.TimeoutExtension.interceptTestableMethod(TimeoutExtension.java:124)
	at org.junit.jupiter.engine.extension.TimeoutExtension.interceptTestMethod(TimeoutExtension.java:74)
	at org.junit.jupiter.engine.execution.ExecutableInvoker$ReflectiveInterceptorCall.lambda$ofVoidMethod$0(ExecutableInvoker.java:115)
	at org.junit.jupiter.engine.execution.ExecutableInvoker.lambda$invoke$0(ExecutableInvoker.java:105)
	at org.junit.jupiter.engine.execution.InvocationInterceptorChain$InterceptedInvocation.proceed(InvocationInterceptorChain.java:104)
	at org.junit.jupiter.engine.execution.InvocationInterceptorChain.proceed(InvocationInterceptorChain.java:62)
	at org.junit.jupiter.engine.execution.InvocationInterceptorChain.chainAndInvoke(InvocationInterceptorChain.java:43)
	at org.junit.jupiter.engine.execution.InvocationInterceptorChain.invoke(InvocationInterceptorChain.java:35)
	at org.junit.jupiter.engine.execution.ExecutableInvoker.invoke(ExecutableInvoker.java:104)
	at org.junit.jupiter.engine.execution.ExecutableInvoker.invoke(ExecutableInvoker.java:98)
	at org.junit.jupiter.engine.descriptor.TestMethodTestDescriptor.lambda$invokeTestMethod$6(TestMethodTestDescriptor.java:202)
	at org.junit.platform.engine.support.hierarchical.ThrowableCollector.execute(ThrowableCollector.java:73)
	at org.junit.jupiter.engine.descriptor.TestMethodTestDescriptor.invokeTestMethod(TestMethodTestDescriptor.java:198)
	at org.junit.jupiter.engine.descriptor.TestMethodTestDescriptor.execute(TestMethodTestDescriptor.java:135)
	at org.junit.jupiter.engine.descriptor.TestMethodTestDescriptor.execute(TestMethodTestDescriptor.java:69)
	at org.junit.platform.engine.support.hierarchical.NodeTestTask.lambda$executeRecursively$6(NodeTestTask.java:151)
	at org.junit.platform.engine.support.hierarchical.ThrowableCollector.execute(ThrowableCollector.java:73)
	at org.junit.platform.engine.support.hierarchical.NodeTestTask.lambda$executeRecursively$8(NodeTestTask.java:141)
	at org.junit.platform.engine.support.hierarchical.Node.around(Node.java:137)
	at org.junit.platform.engine.support.hierarchical.NodeTestTask.lambda$executeRecursively$9(NodeTestTask.java:139)
	at org.junit.platform.engine.support.hierarchical.ThrowableCollector.execute(ThrowableCollector.java:73)
	at org.junit.platform.engine.support.hierarchical.NodeTestTask.executeRecursively(NodeTestTask.java:138)
	at org.junit.platform.engine.support.hierarchical.NodeTestTask.execute(NodeTestTask.java:95)
	at java.base/java.util.ArrayList.forEach(ArrayList.java:1511)
	at org.junit.platform.engine.support.hierarchical.SameThreadHierarchicalTestExecutorService.invokeAll(SameThreadHierarchicalTestExecutorService.java:41)
	at org.junit.platform.engine.support.hierarchical.NodeTestTask.lambda$executeRecursively$6(NodeTestTask.java:155)
	at org.junit.platform.engine.support.hierarchical.ThrowableCollector.execute(ThrowableCollector.java:73)
	at org.junit.platform.engine.support.hierarchical.NodeTestTask.lambda$executeRecursively$8(NodeTestTask.java:141)
	at org.junit.platform.engine.support.hierarchical.Node.around(Node.java:137)
	at org.junit.platform.engine.support.hierarchical.NodeTestTask.lambda$executeRecursively$9(NodeTestTask.java:139)
	at org.junit.platform.engine.support.hierarchical.ThrowableCollector.execute(ThrowableCollector.java:73)
	at org.junit.platform.engine.support.hierarchical.NodeTestTask.executeRecursively(NodeTestTask.java:138)
	at org.junit.platform.engine.support.hierarchical.NodeTestTask.execute(NodeTestTask.java:95)
	at java.base/java.util.ArrayList.forEach(ArrayList.java:1511)
	at org.junit.platform.engine.support.hierarchical.SameThreadHierarchicalTestExecutorService.invokeAll(SameThreadHierarchicalTestExecutorService.java:41)
	at org.junit.platform.engine.support.hierarchical.NodeTestTask.lambda$executeRecursively$6(NodeTestTask.java:155)
	at org.junit.platform.engine.support.hierarchical.ThrowableCollector.execute(ThrowableCollector.java:73)
	at org.junit.platform.engine.support.hierarchical.NodeTestTask.lambda$executeRecursively$8(NodeTestTask.java:141)
	at org.junit.platform.engine.support.hierarchical.Node.around(Node.java:137)
	at org.junit.platform.engine.support.hierarchical.NodeTestTask.lambda$executeRecursively$9(NodeTestTask.java:139)
	at org.junit.platform.engine.support.hierarchical.ThrowableCollector.execute(ThrowableCollector.java:73)
	at org.junit.platform.engine.support.hierarchical.NodeTestTask.executeRecursively(NodeTestTask.java:138)
	at org.junit.platform.engine.support.hierarchical.NodeTestTask.execute(NodeTestTask.java:95)
	at org.junit.platform.engine.support.hierarchical.SameThreadHierarchicalTestExecutorService.submit(SameThreadHierarchicalTestExecutorService.java:35)
	at org.junit.platform.engine.support.hierarchical.HierarchicalTestExecutor.execute(HierarchicalTestExecutor.java:57)
	at org.junit.platform.engine.support.hierarchical.HierarchicalTestEngine.execute(HierarchicalTestEngine.java:54)
	at org.junit.platform.launcher.core.DefaultLauncher.execute(DefaultLauncher.java:229)
	at org.junit.platform.launcher.core.DefaultLauncher.lambda$execute$6(DefaultLauncher.java:197)
	at org.junit.platform.launcher.core.DefaultLauncher.withInterceptedStreams(DefaultLauncher.java:211)
	at org.junit.platform.launcher.core.DefaultLauncher.execute(DefaultLauncher.java:191)
	at org.junit.platform.launcher.core.DefaultLauncher.execute(DefaultLauncher.java:128)
	at org.gradle.api.internal.tasks.testing.junitplatform.JUnitPlatformTestClassProcessor$CollectAllTestClassesExecutor.processAllTestClasses(JUnitPlatformTestClassProcessor.java:119)
	at org.gradle.api.internal.tasks.testing.junitplatform.JUnitPlatformTestClassProcessor$CollectAllTestClassesExecutor.access$000(JUnitPlatformTestClassProcessor.java:94)
	at org.gradle.api.internal.tasks.testing.junitplatform.JUnitPlatformTestClassProcessor.stop(JUnitPlatformTestClassProcessor.java:89)
	at org.gradle.api.internal.tasks.testing.SuiteTestClassProcessor.stop(SuiteTestClassProcessor.java:62)
	at java.base/jdk.internal.reflect.NativeMethodAccessorImpl.invoke0(Native Method)
	at java.base/jdk.internal.reflect.NativeMethodAccessorImpl.invoke(NativeMethodAccessorImpl.java:77)
	at java.base/jdk.internal.reflect.DelegatingMethodAccessorImpl.invoke(DelegatingMethodAccessorImpl.java:43)
	at java.base/java.lang.reflect.Method.invoke(Method.java:568)
	at org.gradle.internal.dispatch.ReflectionDispatch.dispatch(ReflectionDispatch.java:36)
	at org.gradle.internal.dispatch.ReflectionDispatch.dispatch(ReflectionDispatch.java:24)
	at org.gradle.internal.dispatch.ContextClassLoaderDispatch.dispatch(ContextClassLoaderDispatch.java:33)
	at org.gradle.internal.dispatch.ProxyDispatchAdapter$DispatchingInvocationHandler.invoke(ProxyDispatchAdapter.java:94)
	at jdk.proxy1/jdk.proxy1.$Proxy2.stop(Unknown Source)
	at org.gradle.api.internal.tasks.testing.worker.TestWorker$3.run(TestWorker.java:193)
	at org.gradle.api.internal.tasks.testing.worker.TestWorker.executeAndMaintainThreadName(TestWorker.java:129)
	at org.gradle.api.internal.tasks.testing.worker.TestWorker.execute(TestWorker.java:100)
	at org.gradle.api.internal.tasks.testing.worker.TestWorker.execute(TestWorker.java:60)
	at org.gradle.process.internal.worker.child.ActionExecutionWorker.execute(ActionExecutionWorker.java:56)
	at org.gradle.process.internal.worker.child.SystemApplicationClassLoaderWorker.call(SystemApplicationClassLoaderWorker.java:113)
	at org.gradle.process.internal.worker.child.SystemApplicationClassLoaderWorker.call(SystemApplicationClassLoaderWorker.java:65)
	at worker.org.gradle.process.internal.worker.GradleWorkerMain.run(GradleWorkerMain.java:69)
	at worker.org.gradle.process.internal.worker.GradleWorkerMain.main(GradleWorkerMain.java:74)
]]></system-err>
</testsuite>
